Output of:
gcc -malign-data=abi -Wall -Wshadow -Wwrite-strings -Wundef -Wstrict-prototypes -Wunused -Wunused-parameter -Wunused-function -Wunused-value -Wmissing-prototypes -Wmissing-declarations -Wno-format-security -Wdeclaration-after-statement -Wold-style-definition -finline-limit=0 -fno-builtin-strlen -fomit-frame-pointer -ffunction-sections -fdata-sections -fno-guess-branch-probability -funsigned-char -static-libgcc -falign-functions=1 -falign-jumps=1 -falign-labels=1 -falign-loops=1 -fno-unwind-tables -fno-asynchronous-unwind-tables -fno-builtin-printf -Oz -L../sysroot/lib --sysroot=../sysroot -static -o busybox_unstripped -Wl,--sort-common -Wl,--sort-section,alignment -Wl,--start-group applets/built-in.o archival/lib.a archival/libarchive/lib.a console-tools/lib.a coreutils/lib.a coreutils/libcoreutils/lib.a debianutils/lib.a klibc-utils/lib.a e2fsprogs/lib.a editors/lib.a findutils/lib.a init/lib.a libbb/lib.a libpwdgrp/lib.a loginutils/lib.a mailutils/lib.a miscutils/lib.a modutils/lib.a networking/lib.a networking/libiproute/lib.a networking/udhcp/lib.a printutils/lib.a procps/lib.a runit/lib.a selinux/lib.a shell/lib.a sysklogd/lib.a util-linux/lib.a util-linux/volume_id/lib.a archival/built-in.o archival/libarchive/built-in.o console-tools/built-in.o coreutils/built-in.o coreutils/libcoreutils/built-in.o debianutils/built-in.o klibc-utils/built-in.o e2fsprogs/built-in.o editors/built-in.o findutils/built-in.o init/built-in.o libbb/built-in.o libpwdgrp/built-in.o loginutils/built-in.o mailutils/built-in.o miscutils/built-in.o modutils/built-in.o networking/built-in.o networking/libiproute/built-in.o networking/udhcp/built-in.o printutils/built-in.o procps/built-in.o runit/built-in.o selinux/built-in.o shell/built-in.o sysklogd/built-in.o util-linux/built-in.o util-linux/volume_id/built-in.o -Wl,--end-group -Wl,--start-group -lm -lresolv -Wl,--end-group -Wl,--warn-common -Wl,-Map,busybox_unstripped.map -Wl,--verbose
==========
GNU ld (GNU Binutils for Ubuntu) 2.41
  Supported emulations:
   elf_x86_64
   elf32_x86_64
   elf_i386
   elf_iamcu
   i386pep
   i386pe
using internal linker script:
==================================================
/* Script for -z combreloc -z separate-code */
/* Copyright (C) 2014-2023 Free Software Foundation, Inc.
   Copying and distribution of this script, with or without modification,
   are permitted in any medium without royalty provided the copyright
   notice and this notice are preserved.  */
OUTPUT_FORMAT("elf64-x86-64", "elf64-x86-64",
	      "elf64-x86-64")
OUTPUT_ARCH(i386:x86-64)
ENTRY(_start)
SEARCH_DIR("=/usr/local/lib/x86_64-linux-gnu"); SEARCH_DIR("=/lib/x86_64-linux-gnu"); SEARCH_DIR("=/usr/lib/x86_64-linux-gnu"); SEARCH_DIR("=/usr/lib/x86_64-linux-gnu64"); SEARCH_DIR("=/usr/local/lib64"); SEARCH_DIR("=/lib64"); SEARCH_DIR("=/usr/lib64"); SEARCH_DIR("=/usr/local/lib"); SEARCH_DIR("=/lib"); SEARCH_DIR("=/usr/lib"); SEARCH_DIR("=/usr/x86_64-linux-gnu/lib64"); SEARCH_DIR("=/usr/x86_64-linux-gnu/lib");
SECTIONS
{
  PROVIDE (__executable_start = SEGMENT_START("text-segment", 0x400000)); . = SEGMENT_START("text-segment", 0x400000) + SIZEOF_HEADERS;
  .interp         : { *(.interp) }
  .note.gnu.build-id  : { *(.note.gnu.build-id) }
  .hash           : { *(.hash) }
  .gnu.hash       : { *(.gnu.hash) }
  .dynsym         : { *(.dynsym) }
  .dynstr         : { *(.dynstr) }
  .gnu.version    : { *(.gnu.version) }
  .gnu.version_d  : { *(.gnu.version_d) }
  .gnu.version_r  : { *(.gnu.version_r) }
  .rela.dyn       :
    {
      *(.rela.init)
      *(.rela.text .rela.text.* .rela.gnu.linkonce.t.*)
      *(.rela.fini)
      *(.rela.rodata .rela.rodata.* .rela.gnu.linkonce.r.*)
      *(.rela.data .rela.data.* .rela.gnu.linkonce.d.*)
      *(.rela.tdata .rela.tdata.* .rela.gnu.linkonce.td.*)
      *(.rela.tbss .rela.tbss.* .rela.gnu.linkonce.tb.*)
      *(.rela.ctors)
      *(.rela.dtors)
      *(.rela.got)
      *(.rela.bss .rela.bss.* .rela.gnu.linkonce.b.*)
      *(.rela.ldata .rela.ldata.* .rela.gnu.linkonce.l.*)
      *(.rela.lbss .rela.lbss.* .rela.gnu.linkonce.lb.*)
      *(.rela.lrodata .rela.lrodata.* .rela.gnu.linkonce.lr.*)
      *(.rela.ifunc)
    }
  .rela.plt       :
    {
      *(.rela.plt)
      PROVIDE_HIDDEN (__rela_iplt_start = .);
      *(.rela.iplt)
      PROVIDE_HIDDEN (__rela_iplt_end = .);
    }
  .relr.dyn : { *(.relr.dyn) }
  . = ALIGN(CONSTANT (MAXPAGESIZE));
  .init           :
  {
    KEEP (*(SORT_NONE(.init)))
  }
  .plt            : { *(.plt) *(.iplt) }
.plt.got        : { *(.plt.got) }
.plt.sec        : { *(.plt.sec) }
  .text           :
  {
    *(.text.unlikely .text.*_unlikely .text.unlikely.*)
    *(.text.exit .text.exit.*)
    *(.text.startup .text.startup.*)
    *(.text.hot .text.hot.*)
    *(SORT(.text.sorted.*))
    *(.text .stub .text.* .gnu.linkonce.t.*)
    /* .gnu.warning sections are handled specially by elf.em.  */
    *(.gnu.warning)
  }
  .fini           :
  {
    KEEP (*(SORT_NONE(.fini)))
  }
  PROVIDE (__etext = .);
  PROVIDE (_etext = .);
  PROVIDE (etext = .);
  . = ALIGN(CONSTANT (MAXPAGESIZE));
  /* Adjust the address for the rodata segment.  We want to adjust up to
     the same address within the page on the next page up.  */
  . = SEGMENT_START("rodata-segment", ALIGN(CONSTANT (MAXPAGESIZE)) + (. & (CONSTANT (MAXPAGESIZE) - 1)));
  .rodata         : { *(.rodata .rodata.* .gnu.linkonce.r.*) }
  .rodata1        : { *(.rodata1) }
  .eh_frame_hdr   : { *(.eh_frame_hdr) *(.eh_frame_entry .eh_frame_entry.*) }
  .eh_frame       : ONLY_IF_RO { KEEP (*(.eh_frame)) *(.eh_frame.*) }
  .sframe         : ONLY_IF_RO { *(.sframe) *(.sframe.*) }
  .gcc_except_table   : ONLY_IF_RO { *(.gcc_except_table .gcc_except_table.*) }
  .gnu_extab   : ONLY_IF_RO { *(.gnu_extab*) }
  /* These sections are generated by the Sun/Oracle C++ compiler.  */
  .exception_ranges   : ONLY_IF_RO { *(.exception_ranges*) }
  /* Adjust the address for the data segment.  We want to adjust up to
     the same address within the page on the next page up.  */
  . = DATA_SEGMENT_ALIGN (CONSTANT (MAXPAGESIZE), CONSTANT (COMMONPAGESIZE));
  /* Exception handling  */
  .eh_frame       : ONLY_IF_RW { KEEP (*(.eh_frame)) *(.eh_frame.*) }
  .sframe         : ONLY_IF_RW { *(.sframe) *(.sframe.*) }
  .gnu_extab      : ONLY_IF_RW { *(.gnu_extab) }
  .gcc_except_table   : ONLY_IF_RW { *(.gcc_except_table .gcc_except_table.*) }
  .exception_ranges   : ONLY_IF_RW { *(.exception_ranges*) }
  /* Thread Local Storage sections  */
  .tdata	  :
   {
     PROVIDE_HIDDEN (__tdata_start = .);
     *(.tdata .tdata.* .gnu.linkonce.td.*)
   }
  .tbss		  : { *(.tbss .tbss.* .gnu.linkonce.tb.*) *(.tcommon) }
  .preinit_array    :
  {
    PROVIDE_HIDDEN (__preinit_array_start = .);
    KEEP (*(.preinit_array))
    PROVIDE_HIDDEN (__preinit_array_end = .);
  }
  .init_array    :
  {
    PROVIDE_HIDDEN (__init_array_start = .);
    KEEP (*(SORT_BY_INIT_PRIORITY(.init_array.*) SORT_BY_INIT_PRIORITY(.ctors.*)))
    KEEP (*(.init_array EXCLUDE_FILE (*crtbegin.o *crtbegin?.o *crtend.o *crtend?.o ) .ctors))
    PROVIDE_HIDDEN (__init_array_end = .);
  }
  .fini_array    :
  {
    PROVIDE_HIDDEN (__fini_array_start = .);
    KEEP (*(SORT_BY_INIT_PRIORITY(.fini_array.*) SORT_BY_INIT_PRIORITY(.dtors.*)))
    KEEP (*(.fini_array EXCLUDE_FILE (*crtbegin.o *crtbegin?.o *crtend.o *crtend?.o ) .dtors))
    PROVIDE_HIDDEN (__fini_array_end = .);
  }
  .ctors          :
  {
    /* gcc uses crtbegin.o to find the start of
       the constructors, so we make sure it is
       first.  Because this is a wildcard, it
       doesn't matter if the user does not
       actually link against crtbegin.o; the
       linker won't look for a file to match a
       wildcard.  The wildcard also means that it
       doesn't matter which directory crtbegin.o
       is in.  */
    KEEP (*crtbegin.o(.ctors))
    KEEP (*crtbegin?.o(.ctors))
    /* We don't want to include the .ctor section from
       the crtend.o file until after the sorted ctors.
       The .ctor section from the crtend file contains the
       end of ctors marker and it must be last */
    KEEP (*(EXCLUDE_FILE (*crtend.o *crtend?.o ) .ctors))
    KEEP (*(SORT(.ctors.*)))
    KEEP (*(.ctors))
  }
  .dtors          :
  {
    KEEP (*crtbegin.o(.dtors))
    KEEP (*crtbegin?.o(.dtors))
    KEEP (*(EXCLUDE_FILE (*crtend.o *crtend?.o ) .dtors))
    KEEP (*(SORT(.dtors.*)))
    KEEP (*(.dtors))
  }
  .jcr            : { KEEP (*(.jcr)) }
  .data.rel.ro : { *(.data.rel.ro.local* .gnu.linkonce.d.rel.ro.local.*) *(.data.rel.ro .data.rel.ro.* .gnu.linkonce.d.rel.ro.*) }
  .dynamic        : { *(.dynamic) }
  .got            : { *(.got) *(.igot) }
  . = DATA_SEGMENT_RELRO_END (SIZEOF (.got.plt) >= 24 ? 24 : 0, .);
  .got.plt        : { *(.got.plt) *(.igot.plt) }
  .data           :
  {
    *(.data .data.* .gnu.linkonce.d.*)
    SORT(CONSTRUCTORS)
  }
  .data1          : { *(.data1) }
  _edata = .; PROVIDE (edata = .);
  . = .;
  __bss_start = .;
  .bss            :
  {
   *(.dynbss)
   *(.bss .bss.* .gnu.linkonce.b.*)
   *(COMMON)
   /* Align here to ensure that the .bss section occupies space up to
      _end.  Align after .bss to ensure correct alignment even if the
      .bss section disappears because there are no input sections.
      FIXME: Why do we need it? When there is no .bss section, we do not
      pad the .data section.  */
   . = ALIGN(. != 0 ? 64 / 8 : 1);
  }
  .lbss   :
  {
    *(.dynlbss)
    *(.lbss .lbss.* .gnu.linkonce.lb.*)
    *(LARGE_COMMON)
  }
  . = ALIGN(64 / 8);
  . = SEGMENT_START("ldata-segment", .);
  .lrodata   ALIGN(CONSTANT (MAXPAGESIZE)) + (. & (CONSTANT (MAXPAGESIZE) - 1)) :
  {
    *(.lrodata .lrodata.* .gnu.linkonce.lr.*)
  }
  .ldata   ALIGN(CONSTANT (MAXPAGESIZE)) + (. & (CONSTANT (MAXPAGESIZE) - 1)) :
  {
    *(.ldata .ldata.* .gnu.linkonce.l.*)
    . = ALIGN(. != 0 ? 64 / 8 : 1);
  }
  . = ALIGN(64 / 8);
  _end = .; PROVIDE (end = .);
  . = DATA_SEGMENT_END (.);
  /* Stabs debugging sections.  */
  .stab          0 : { *(.stab) }
  .stabstr       0 : { *(.stabstr) }
  .stab.excl     0 : { *(.stab.excl) }
  .stab.exclstr  0 : { *(.stab.exclstr) }
  .stab.index    0 : { *(.stab.index) }
  .stab.indexstr 0 : { *(.stab.indexstr) }
  .comment 0 (INFO) : { *(.comment); LINKER_VERSION; }
  .gnu.build.attributes : { *(.gnu.build.attributes .gnu.build.attributes.*) }
  /* DWARF debug sections.
     Symbols in the DWARF debugging sections are relative to the beginning
     of the section so we begin them at 0.  */
  /* DWARF 1.  */
  .debug          0 : { *(.debug) }
  .line           0 : { *(.line) }
  /* GNU DWARF 1 extensions.  */
  .debug_srcinfo  0 : { *(.debug_srcinfo) }
  .debug_sfnames  0 : { *(.debug_sfnames) }
  /* DWARF 1.1 and DWARF 2.  */
  .debug_aranges  0 : { *(.debug_aranges) }
  .debug_pubnames 0 : { *(.debug_pubnames) }
  /* DWARF 2.  */
  .debug_info     0 : { *(.debug_info .gnu.linkonce.wi.*) }
  .debug_abbrev   0 : { *(.debug_abbrev) }
  .debug_line     0 : { *(.debug_line .debug_line.* .debug_line_end) }
  .debug_frame    0 : { *(.debug_frame) }
  .debug_str      0 : { *(.debug_str) }
  .debug_loc      0 : { *(.debug_loc) }
  .debug_macinfo  0 : { *(.debug_macinfo) }
  /* SGI/MIPS DWARF 2 extensions.  */
  .debug_weaknames 0 : { *(.debug_weaknames) }
  .debug_funcnames 0 : { *(.debug_funcnames) }
  .debug_typenames 0 : { *(.debug_typenames) }
  .debug_varnames  0 : { *(.debug_varnames) }
  /* DWARF 3.  */
  .debug_pubtypes 0 : { *(.debug_pubtypes) }
  .debug_ranges   0 : { *(.debug_ranges) }
  /* DWARF 5.  */
  .debug_addr     0 : { *(.debug_addr) }
  .debug_line_str 0 : { *(.debug_line_str) }
  .debug_loclists 0 : { *(.debug_loclists) }
  .debug_macro    0 : { *(.debug_macro) }
  .debug_names    0 : { *(.debug_names) }
  .debug_rnglists 0 : { *(.debug_rnglists) }
  .debug_str_offsets 0 : { *(.debug_str_offsets) }
  .debug_sup      0 : { *(.debug_sup) }
  .gnu.attributes 0 : { KEEP (*(.gnu.attributes)) }
  /DISCARD/ : { *(.note.GNU-stack) *(.gnu_debuglink) *(.gnu.lto_*) }
}


==================================================
/usr/bin/ld: mode elf_x86_64
attempt to open /usr/lib/gcc/x86_64-linux-gnu/13/../../../x86_64-linux-gnu/crt1.o succeeded
/usr/lib/gcc/x86_64-linux-gnu/13/../../../x86_64-linux-gnu/crt1.o
attempt to open /usr/lib/gcc/x86_64-linux-gnu/13/../../../x86_64-linux-gnu/crti.o succeeded
/usr/lib/gcc/x86_64-linux-gnu/13/../../../x86_64-linux-gnu/crti.o
attempt to open /usr/lib/gcc/x86_64-linux-gnu/13/crtbeginT.o succeeded
/usr/lib/gcc/x86_64-linux-gnu/13/crtbeginT.o
attempt to open applets/built-in.o succeeded
applets/built-in.o
attempt to open archival/lib.a succeeded
archival/lib.a
attempt to open archival/libarchive/lib.a succeeded
archival/libarchive/lib.a
attempt to open console-tools/lib.a succeeded
console-tools/lib.a
attempt to open coreutils/lib.a succeeded
coreutils/lib.a
attempt to open coreutils/libcoreutils/lib.a succeeded
coreutils/libcoreutils/lib.a
attempt to open debianutils/lib.a succeeded
debianutils/lib.a
attempt to open klibc-utils/lib.a succeeded
klibc-utils/lib.a
attempt to open e2fsprogs/lib.a succeeded
e2fsprogs/lib.a
attempt to open editors/lib.a succeeded
editors/lib.a
attempt to open findutils/lib.a succeeded
findutils/lib.a
attempt to open init/lib.a succeeded
init/lib.a
attempt to open libbb/lib.a succeeded
libbb/lib.a
(libbb/lib.a)appletlib.o
(libbb/lib.a)compare_string_array.o
(libbb/lib.a)concat_path_file.o
(libbb/lib.a)default_error_retval.o
(libbb/lib.a)get_last_path_component.o
(libbb/lib.a)last_char_is.o
(libbb/lib.a)llist.o
(libbb/lib.a)messages.o
(libbb/lib.a)perror_msg.o
(libbb/lib.a)ptr_to_globals.o
(libbb/lib.a)skip_whitespace.o
(libbb/lib.a)verror_msg.o
(libbb/lib.a)wfopen.o
(libbb/lib.a)xfunc_die.o
(libbb/lib.a)xfuncs.o
(libbb/lib.a)xfuncs_printf.o
(libbb/lib.a)xreadlink.o
(libbb/lib.a)copyfd.o
(libbb/lib.a)full_write.o
(libbb/lib.a)read.o
(libbb/lib.a)safe_write.o
(libbb/lib.a)signals.o
(libbb/lib.a)time.o
(libbb/lib.a)xgetcwd.o
(libbb/lib.a)bb_strtonum.o
attempt to open libpwdgrp/lib.a succeeded
libpwdgrp/lib.a
(libpwdgrp/lib.a)pwd_grp.o
(libpwdgrp/lib.a)uidgid_get.o
attempt to open loginutils/lib.a succeeded
loginutils/lib.a
(loginutils/lib.a)add-remove-shell.o
(loginutils/lib.a)addgroup.o
(loginutils/lib.a)adduser.o
(loginutils/lib.a)chpasswd.o
(loginutils/lib.a)cryptpw.o
(loginutils/lib.a)deluser.o
(loginutils/lib.a)getty.o
(loginutils/lib.a)login.o
(loginutils/lib.a)passwd.o
(loginutils/lib.a)su.o
(loginutils/lib.a)sulogin.o
(loginutils/lib.a)vlock.o
attempt to open mailutils/lib.a succeeded
mailutils/lib.a
(mailutils/lib.a)makemime.o
(mailutils/lib.a)popmaildir.o
(mailutils/lib.a)reformime.o
(mailutils/lib.a)sendmail.o
(mailutils/lib.a)mail.o
attempt to open miscutils/lib.a succeeded
miscutils/lib.a
(miscutils/lib.a)adjtimex.o
(miscutils/lib.a)ascii.o
(miscutils/lib.a)bc.o
(miscutils/lib.a)beep.o
(miscutils/lib.a)chat.o
(miscutils/lib.a)conspy.o
(miscutils/lib.a)crond.o
(miscutils/lib.a)crontab.o
(miscutils/lib.a)devmem.o
(miscutils/lib.a)fbsplash.o
(miscutils/lib.a)hdparm.o
(miscutils/lib.a)hexedit.o
(miscutils/lib.a)i2c_tools.o
(miscutils/lib.a)less.o
(miscutils/lib.a)lsscsi.o
(miscutils/lib.a)makedevs.o
(miscutils/lib.a)man.o
(miscutils/lib.a)microcom.o
(miscutils/lib.a)mt.o
(miscutils/lib.a)nandwrite.o
(miscutils/lib.a)partprobe.o
(miscutils/lib.a)raidautorun.o
(miscutils/lib.a)readahead.o
(miscutils/lib.a)runlevel.o
(miscutils/lib.a)rx.o
(miscutils/lib.a)seedrng.o
(miscutils/lib.a)setfattr.o
(miscutils/lib.a)setserial.o
(miscutils/lib.a)strings.o
(miscutils/lib.a)time.o
(miscutils/lib.a)tree.o
(miscutils/lib.a)ts.o
(miscutils/lib.a)ttysize.o
(miscutils/lib.a)ubi_tools.o
(miscutils/lib.a)ubirename.o
(miscutils/lib.a)volname.o
(miscutils/lib.a)watchdog.o
attempt to open modutils/lib.a succeeded
modutils/lib.a
(modutils/lib.a)modinfo.o
(modutils/lib.a)modprobe-small.o
(modutils/lib.a)modutils.o
attempt to open networking/lib.a succeeded
networking/lib.a
(networking/lib.a)arp.o
(networking/lib.a)arping.o
(networking/lib.a)brctl.o
(networking/lib.a)dnsd.o
(networking/lib.a)ether-wake.o
(networking/lib.a)ftpd.o
(networking/lib.a)ftpgetput.o
(networking/lib.a)hostname.o
(networking/lib.a)httpd.o
(networking/lib.a)ifconfig.o
(networking/lib.a)ifenslave.o
(networking/lib.a)ifplugd.o
(networking/lib.a)ifupdown.o
(networking/lib.a)inetd.o
(networking/lib.a)interface.o
(networking/lib.a)ip.o
(networking/lib.a)ipcalc.o
(networking/lib.a)isrv_identd.o
(networking/lib.a)nameif.o
(networking/lib.a)nbd-client.o
(networking/lib.a)nc.o
(networking/lib.a)netstat.o
(networking/lib.a)nslookup.o
(networking/lib.a)ntpd.o
(networking/lib.a)parse_pasv_epsv.o
(networking/lib.a)ping.o
(networking/lib.a)pscan.o
(networking/lib.a)route.o
(networking/lib.a)slattach.o
(networking/lib.a)ssl_client.o
(networking/lib.a)tc.o
(networking/lib.a)tcpudp.o
(networking/lib.a)tcpudp_perhost.o
(networking/lib.a)telnet.o
(networking/lib.a)telnetd.o
(networking/lib.a)tftp.o
(networking/lib.a)tls.o
(networking/lib.a)tls_aes.o
(networking/lib.a)tls_aesgcm.o
(networking/lib.a)tls_fe.o
(networking/lib.a)tls_pstm.o
(networking/lib.a)tls_pstm_montgomery_reduce.o
(networking/lib.a)tls_pstm_mul_comba.o
(networking/lib.a)tls_pstm_sqr_comba.o
(networking/lib.a)tls_rsa.o
(networking/lib.a)tls_sp_c32.o
(networking/lib.a)traceroute.o
(networking/lib.a)tunctl.o
(networking/lib.a)vconfig.o
(networking/lib.a)wget.o
(networking/lib.a)whois.o
(networking/lib.a)zcip.o
(networking/lib.a)isrv.o
attempt to open networking/libiproute/lib.a succeeded
networking/libiproute/lib.a
(networking/libiproute/lib.a)ip_parse_common_args.o
(networking/libiproute/lib.a)ipaddress.o
(networking/libiproute/lib.a)iplink.o
(networking/libiproute/lib.a)ipneigh.o
(networking/libiproute/lib.a)iproute.o
(networking/libiproute/lib.a)iprule.o
(networking/libiproute/lib.a)iptunnel.o
(networking/libiproute/lib.a)libnetlink.o
(networking/libiproute/lib.a)ll_addr.o
(networking/libiproute/lib.a)ll_map.o
(networking/libiproute/lib.a)ll_proto.o
(networking/libiproute/lib.a)ll_types.o
(networking/libiproute/lib.a)rt_names.o
(networking/libiproute/lib.a)rtm_map.o
(networking/libiproute/lib.a)utils.o
attempt to open networking/udhcp/lib.a succeeded
networking/udhcp/lib.a
(networking/udhcp/lib.a)d6_dhcpc.o
(networking/udhcp/lib.a)d6_packet.o
(networking/udhcp/lib.a)d6_socket.o
(networking/udhcp/lib.a)dhcpc.o
(networking/udhcp/lib.a)dhcpd.o
(networking/udhcp/lib.a)dhcprelay.o
(networking/udhcp/lib.a)domain_codec.o
(networking/udhcp/lib.a)dumpleases.o
(networking/udhcp/lib.a)packet.o
(networking/udhcp/lib.a)signalpipe.o
(networking/udhcp/lib.a)socket.o
(networking/udhcp/lib.a)arpping.o
(networking/udhcp/lib.a)common.o
attempt to open printutils/lib.a succeeded
printutils/lib.a
(printutils/lib.a)lpd.o
(printutils/lib.a)lpr.o
attempt to open procps/lib.a succeeded
procps/lib.a
(procps/lib.a)free.o
(procps/lib.a)fuser.o
(procps/lib.a)iostat.o
(procps/lib.a)kill.o
(procps/lib.a)lsof.o
(procps/lib.a)mpstat.o
(procps/lib.a)nmeter.o
(procps/lib.a)pgrep.o
(procps/lib.a)pidof.o
(procps/lib.a)pmap.o
(procps/lib.a)powertop.o
(procps/lib.a)ps.o
(procps/lib.a)pstree.o
(procps/lib.a)pwdx.o
(procps/lib.a)smemcap.o
(procps/lib.a)sysctl.o
(procps/lib.a)top.o
(procps/lib.a)uptime.o
(procps/lib.a)watch.o
attempt to open runit/lib.a succeeded
runit/lib.a
(runit/lib.a)chpst.o
(runit/lib.a)runsv.o
(runit/lib.a)runsvdir.o
(runit/lib.a)sv.o
(runit/lib.a)svlogd.o
attempt to open selinux/lib.a succeeded
selinux/lib.a
attempt to open shell/lib.a succeeded
shell/lib.a
(shell/lib.a)ash.o
(shell/lib.a)ash_ptr_hack.o
(shell/lib.a)cttyhack.o
(shell/lib.a)hush.o
(shell/lib.a)match.o
(shell/lib.a)math.o
(shell/lib.a)random.o
(shell/lib.a)shell_common.o
attempt to open sysklogd/lib.a succeeded
sysklogd/lib.a
(sysklogd/lib.a)klogd.o
(sysklogd/lib.a)logread.o
(sysklogd/lib.a)syslogd_and_logger.o
attempt to open util-linux/lib.a succeeded
util-linux/lib.a
(util-linux/lib.a)acpid.o
(util-linux/lib.a)blkdiscard.o
(util-linux/lib.a)blkid.o
(util-linux/lib.a)blockdev.o
(util-linux/lib.a)cal.o
(util-linux/lib.a)chrt.o
(util-linux/lib.a)dmesg.o
(util-linux/lib.a)eject.o
(util-linux/lib.a)fallocate.o
(util-linux/lib.a)fatattr.o
(util-linux/lib.a)fbset.o
(util-linux/lib.a)fdformat.o
(util-linux/lib.a)fdisk.o
(util-linux/lib.a)findfs.o
(util-linux/lib.a)flock.o
(util-linux/lib.a)freeramdisk.o
(util-linux/lib.a)fsck_minix.o
(util-linux/lib.a)fsfreeze.o
(util-linux/lib.a)fstrim.o
(util-linux/lib.a)getopt.o
(util-linux/lib.a)hexdump.o
(util-linux/lib.a)hexdump_xxd.o
(util-linux/lib.a)hwclock.o
(util-linux/lib.a)ionice.o
(util-linux/lib.a)ipcrm.o
(util-linux/lib.a)ipcs.o
(util-linux/lib.a)last_fancy.o
(util-linux/lib.a)losetup.o
(util-linux/lib.a)lspci.o
(util-linux/lib.a)lsusb.o
(util-linux/lib.a)mdev.o
(util-linux/lib.a)mesg.o
(util-linux/lib.a)mkfs_ext2.o
(util-linux/lib.a)mkfs_minix.o
(util-linux/lib.a)mkfs_vfat.o
(util-linux/lib.a)mkswap.o
(util-linux/lib.a)more.o
(util-linux/lib.a)mount.o
(util-linux/lib.a)mountpoint.o
(util-linux/lib.a)nsenter.o
(util-linux/lib.a)pivot_root.o
(util-linux/lib.a)rdate.o
(util-linux/lib.a)rdev.o
(util-linux/lib.a)readprofile.o
(util-linux/lib.a)renice.o
(util-linux/lib.a)rev.o
(util-linux/lib.a)rtcwake.o
(util-linux/lib.a)script.o
(util-linux/lib.a)scriptreplay.o
(util-linux/lib.a)setarch.o
(util-linux/lib.a)setpriv.o
(util-linux/lib.a)setsid.o
(util-linux/lib.a)swaponoff.o
(util-linux/lib.a)switch_root.o
(util-linux/lib.a)taskset.o
(util-linux/lib.a)uevent.o
(util-linux/lib.a)umount.o
(util-linux/lib.a)unshare.o
(util-linux/lib.a)wall.o
attempt to open util-linux/volume_id/lib.a succeeded
util-linux/volume_id/lib.a
(util-linux/volume_id/lib.a)get_devname.o
(util-linux/volume_id/lib.a)volume_id.o
(util-linux/volume_id/lib.a)xfs.o
(util-linux/volume_id/lib.a)bcache.o
(util-linux/volume_id/lib.a)btrfs.o
(util-linux/volume_id/lib.a)cramfs.o
(util-linux/volume_id/lib.a)erofs.o
(util-linux/volume_id/lib.a)exfat.o
(util-linux/volume_id/lib.a)ext.o
(util-linux/volume_id/lib.a)f2fs.o
(util-linux/volume_id/lib.a)fat.o
(util-linux/volume_id/lib.a)hfs.o
(util-linux/volume_id/lib.a)iso9660.o
(util-linux/volume_id/lib.a)jfs.o
(util-linux/volume_id/lib.a)lfs.o
(util-linux/volume_id/lib.a)linux_raid.o
(util-linux/volume_id/lib.a)linux_swap.o
(util-linux/volume_id/lib.a)luks.o
(util-linux/volume_id/lib.a)minix.o
(util-linux/volume_id/lib.a)nilfs.o
(util-linux/volume_id/lib.a)ntfs.o
(util-linux/volume_id/lib.a)ocfs2.o
(util-linux/volume_id/lib.a)reiserfs.o
(util-linux/volume_id/lib.a)romfs.o
(util-linux/volume_id/lib.a)squashfs.o
(util-linux/volume_id/lib.a)sysv.o
(util-linux/volume_id/lib.a)ubifs.o
(util-linux/volume_id/lib.a)udf.o
(util-linux/volume_id/lib.a)util.o
attempt to open archival/built-in.o succeeded
archival/built-in.o
attempt to open archival/libarchive/built-in.o succeeded
archival/libarchive/built-in.o
attempt to open console-tools/built-in.o succeeded
console-tools/built-in.o
attempt to open coreutils/built-in.o succeeded
coreutils/built-in.o
attempt to open coreutils/libcoreutils/built-in.o succeeded
coreutils/libcoreutils/built-in.o
attempt to open debianutils/built-in.o succeeded
debianutils/built-in.o
attempt to open klibc-utils/built-in.o succeeded
klibc-utils/built-in.o
attempt to open e2fsprogs/built-in.o succeeded
e2fsprogs/built-in.o
attempt to open editors/built-in.o succeeded
editors/built-in.o
attempt to open findutils/built-in.o succeeded
findutils/built-in.o
attempt to open init/built-in.o succeeded
init/built-in.o
attempt to open libbb/built-in.o succeeded
libbb/built-in.o
attempt to open libpwdgrp/built-in.o succeeded
libpwdgrp/built-in.o
attempt to open loginutils/built-in.o succeeded
loginutils/built-in.o
attempt to open mailutils/built-in.o succeeded
mailutils/built-in.o
attempt to open miscutils/built-in.o succeeded
miscutils/built-in.o
attempt to open modutils/built-in.o succeeded
modutils/built-in.o
attempt to open networking/built-in.o succeeded
networking/built-in.o
attempt to open networking/libiproute/built-in.o succeeded
networking/libiproute/built-in.o
attempt to open networking/udhcp/built-in.o succeeded
networking/udhcp/built-in.o
attempt to open printutils/built-in.o succeeded
printutils/built-in.o
attempt to open procps/built-in.o succeeded
procps/built-in.o
attempt to open runit/built-in.o succeeded
runit/built-in.o
attempt to open selinux/built-in.o succeeded
selinux/built-in.o
attempt to open shell/built-in.o succeeded
shell/built-in.o
attempt to open sysklogd/built-in.o succeeded
sysklogd/built-in.o
attempt to open util-linux/built-in.o succeeded
util-linux/built-in.o
attempt to open util-linux/volume_id/built-in.o succeeded
util-linux/volume_id/built-in.o
archival/lib.a
(archival/lib.a)bbunzip.o
(archival/lib.a)bzip2.o
(archival/lib.a)chksum_and_xwrite_tar_header.o
(archival/lib.a)cpio.o
(archival/lib.a)dpkg.o
(archival/lib.a)dpkg_deb.o
(archival/lib.a)gzip.o
(archival/lib.a)lzop.o
(archival/lib.a)rpm.o
(archival/lib.a)tar.o
(archival/lib.a)unzip.o
archival/libarchive/lib.a
(archival/libarchive/lib.a)common.o
(archival/libarchive/lib.a)data_extract_all.o
(archival/libarchive/lib.a)data_extract_to_command.o
(archival/libarchive/lib.a)data_extract_to_stdout.o
(archival/libarchive/lib.a)data_skip.o
(archival/libarchive/lib.a)decompress_bunzip2.o
(archival/libarchive/lib.a)decompress_gunzip.o
(archival/libarchive/lib.a)decompress_unlzma.o
(archival/libarchive/lib.a)decompress_unxz.o
(archival/libarchive/lib.a)filter_accept_list.o
(archival/libarchive/lib.a)filter_accept_list_reassign.o
(archival/libarchive/lib.a)filter_accept_reject_list.o
(archival/libarchive/lib.a)find_list_entry.o
(archival/libarchive/lib.a)get_header_cpio.o
(archival/libarchive/lib.a)get_header_tar.o
(archival/libarchive/lib.a)get_header_tar_bz2.o
(archival/libarchive/lib.a)get_header_tar_gz.o
(archival/libarchive/lib.a)get_header_tar_lzma.o
(archival/libarchive/lib.a)get_header_tar_xz.o
(archival/libarchive/lib.a)header_list.o
(archival/libarchive/lib.a)header_verbose_list.o
(archival/libarchive/lib.a)init_handle.o
(archival/libarchive/lib.a)lzo1x_1.o
(archival/libarchive/lib.a)lzo1x_1o.o
(archival/libarchive/lib.a)lzo1x_d.o
(archival/libarchive/lib.a)open_transformer.o
(archival/libarchive/lib.a)seek_by_jump.o
(archival/libarchive/lib.a)seek_by_read.o
(archival/libarchive/lib.a)unpack_ar_archive.o
(archival/libarchive/lib.a)unsafe_prefix.o
(archival/libarchive/lib.a)unsafe_symlink_target.o
(archival/libarchive/lib.a)data_align.o
(archival/libarchive/lib.a)filter_accept_all.o
(archival/libarchive/lib.a)get_header_ar.o
(archival/libarchive/lib.a)header_skip.o
console-tools/lib.a
(console-tools/lib.a)chvt.o
(console-tools/lib.a)clear.o
(console-tools/lib.a)deallocvt.o
(console-tools/lib.a)dumpkmap.o
(console-tools/lib.a)fgconsole.o
(console-tools/lib.a)kbd_mode.o
(console-tools/lib.a)loadfont.o
(console-tools/lib.a)loadkmap.o
(console-tools/lib.a)openvt.o
(console-tools/lib.a)reset.o
(console-tools/lib.a)resize.o
(console-tools/lib.a)setconsole.o
(console-tools/lib.a)setkeycodes.o
(console-tools/lib.a)setlogcons.o
(console-tools/lib.a)showkey.o
coreutils/lib.a
(coreutils/lib.a)basename.o
(coreutils/lib.a)cat.o
(coreutils/lib.a)chgrp.o
(coreutils/lib.a)chmod.o
(coreutils/lib.a)chown.o
(coreutils/lib.a)chroot.o
(coreutils/lib.a)cksum.o
(coreutils/lib.a)comm.o
(coreutils/lib.a)cp.o
(coreutils/lib.a)cut.o
(coreutils/lib.a)date.o
(coreutils/lib.a)dd.o
(coreutils/lib.a)df.o
(coreutils/lib.a)dirname.o
(coreutils/lib.a)dos2unix.o
(coreutils/lib.a)du.o
(coreutils/lib.a)echo.o
(coreutils/lib.a)env.o
(coreutils/lib.a)expand.o
(coreutils/lib.a)expr.o
(coreutils/lib.a)factor.o
(coreutils/lib.a)false.o
(coreutils/lib.a)fold.o
(coreutils/lib.a)head.o
(coreutils/lib.a)hostid.o
(coreutils/lib.a)id.o
(coreutils/lib.a)install.o
(coreutils/lib.a)link.o
(coreutils/lib.a)ln.o
(coreutils/lib.a)logname.o
(coreutils/lib.a)ls.o
(coreutils/lib.a)md5_sha1_sum.o
(coreutils/lib.a)mkdir.o
(coreutils/lib.a)mkfifo.o
(coreutils/lib.a)mknod.o
(coreutils/lib.a)mktemp.o
(coreutils/lib.a)mv.o
(coreutils/lib.a)nice.o
(coreutils/lib.a)nl.o
(coreutils/lib.a)nohup.o
(coreutils/lib.a)nproc.o
(coreutils/lib.a)od.o
(coreutils/lib.a)paste.o
(coreutils/lib.a)printenv.o
(coreutils/lib.a)printf.o
(coreutils/lib.a)pwd.o
(coreutils/lib.a)readlink.o
(coreutils/lib.a)realpath.o
(coreutils/lib.a)rm.o
(coreutils/lib.a)rmdir.o
(coreutils/lib.a)seq.o
(coreutils/lib.a)shred.o
(coreutils/lib.a)shuf.o
(coreutils/lib.a)sleep.o
(coreutils/lib.a)sort.o
(coreutils/lib.a)split.o
(coreutils/lib.a)stat.o
(coreutils/lib.a)stty.o
(coreutils/lib.a)sum.o
(coreutils/lib.a)sync.o
(coreutils/lib.a)tac.o
(coreutils/lib.a)tail.o
(coreutils/lib.a)tee.o
(coreutils/lib.a)test.o
(coreutils/lib.a)test_ptr_hack.o
(coreutils/lib.a)timeout.o
(coreutils/lib.a)touch.o
(coreutils/lib.a)tr.o
(coreutils/lib.a)true.o
(coreutils/lib.a)truncate.o
(coreutils/lib.a)tsort.o
(coreutils/lib.a)tty.o
(coreutils/lib.a)uname.o
(coreutils/lib.a)uniq.o
(coreutils/lib.a)unlink.o
(coreutils/lib.a)usleep.o
(coreutils/lib.a)uudecode.o
(coreutils/lib.a)uuencode.o
(coreutils/lib.a)wc.o
(coreutils/lib.a)who.o
(coreutils/lib.a)whoami.o
(coreutils/lib.a)yes.o
coreutils/libcoreutils/lib.a
(coreutils/libcoreutils/lib.a)cp_mv_stat.o
(coreutils/libcoreutils/lib.a)getopt_mk_fifo_nod.o
debianutils/lib.a
(debianutils/lib.a)pipe_progress.o
(debianutils/lib.a)run_parts.o
(debianutils/lib.a)start_stop_daemon.o
(debianutils/lib.a)which.o
klibc-utils/lib.a
(klibc-utils/lib.a)resume.o
e2fsprogs/lib.a
(e2fsprogs/lib.a)chattr.o
(e2fsprogs/lib.a)e2fs_lib.o
(e2fsprogs/lib.a)fsck.o
(e2fsprogs/lib.a)lsattr.o
editors/lib.a
(editors/lib.a)awk.o
(editors/lib.a)cmp.o
(editors/lib.a)diff.o
(editors/lib.a)ed.o
(editors/lib.a)patch.o
(editors/lib.a)sed.o
(editors/lib.a)vi.o
findutils/lib.a
(findutils/lib.a)find.o
(findutils/lib.a)grep.o
(findutils/lib.a)xargs.o
init/lib.a
(init/lib.a)bootchartd.o
(init/lib.a)halt.o
(init/lib.a)init.o
libbb/lib.a
(libbb/lib.a)ask_confirmation.o
(libbb/lib.a)auto_string.o
(libbb/lib.a)bb_askpass.o
(libbb/lib.a)bb_cat.o
(libbb/lib.a)bb_do_delay.o
(libbb/lib.a)bb_getgroups.o
(libbb/lib.a)bb_getsockname.o
(libbb/lib.a)bb_pwd.o
(libbb/lib.a)bb_qsort.o
(libbb/lib.a)capability.o
(libbb/lib.a)change_identity.o
(libbb/lib.a)chomp.o
(libbb/lib.a)common_bufsiz.o
(libbb/lib.a)concat_subpath_file.o
(libbb/lib.a)copy_file.o
(libbb/lib.a)correct_password.o
(libbb/lib.a)crc32.o
(libbb/lib.a)device_open.o
(libbb/lib.a)dump.o
(libbb/lib.a)duration.o
(libbb/lib.a)endofname.o
(libbb/lib.a)executable.o
(libbb/lib.a)fclose_nonstdin.o
(libbb/lib.a)fflush_stdout_and_exit.o
(libbb/lib.a)fgets_str.o
(libbb/lib.a)find_mount_point.o
(libbb/lib.a)find_pid_by_name.o
(libbb/lib.a)find_root_device.o
(libbb/lib.a)get_console.o
(libbb/lib.a)get_cpu_count.o
(libbb/lib.a)get_line_from_file.o
(libbb/lib.a)get_shell_name.o
(libbb/lib.a)get_volsize.o
(libbb/lib.a)getopt32.o
(libbb/lib.a)getopt_allopts.o
(libbb/lib.a)getpty.o
(libbb/lib.a)hash_md5_sha.o
(libbb/lib.a)hash_md5_sha256_x86-64_shaNI.o
(libbb/lib.a)hash_md5_sha_x86-64_shaNI.o
(libbb/lib.a)herror_msg.o
(libbb/lib.a)human_readable.o
(libbb/lib.a)in_ether.o
(libbb/lib.a)inet_cksum.o
(libbb/lib.a)inet_common.o
(libbb/lib.a)inode_hash.o
(libbb/lib.a)isdirectory.o
(libbb/lib.a)isqrt.o
(libbb/lib.a)iterate_on_dir.o
(libbb/lib.a)kernel_version.o
(libbb/lib.a)lineedit.o
(libbb/lib.a)lineedit_ptr_hack.o
(libbb/lib.a)logenv.o
(libbb/lib.a)login.o
(libbb/lib.a)loop.o
(libbb/lib.a)make_directory.o
(libbb/lib.a)makedev.o
(libbb/lib.a)match_fstype.o
(libbb/lib.a)mode_string.o
(libbb/lib.a)nuke_str.o
(libbb/lib.a)obscure.o
(libbb/lib.a)parse_config.o
(libbb/lib.a)parse_mode.o
(libbb/lib.a)percent_decode.o
(libbb/lib.a)perror_nomsg_and_die.o
(libbb/lib.a)pidfile.o
(libbb/lib.a)print_flags.o
(libbb/lib.a)print_numbered_lines.o
(libbb/lib.a)printable.o
(libbb/lib.a)printable_string.o
(libbb/lib.a)process_escape_sequence.o
(libbb/lib.a)procps.o
(libbb/lib.a)progress.o
(libbb/lib.a)pw_encrypt.o
(libbb/lib.a)read_key.o
(libbb/lib.a)read_printf.o
(libbb/lib.a)recursive_action.o
(libbb/lib.a)remove_file.o
(libbb/lib.a)replace.o
(libbb/lib.a)rtc.o
(libbb/lib.a)run_shell.o
(libbb/lib.a)safe_gethostname.o
(libbb/lib.a)safe_poll.o
(libbb/lib.a)safe_strncpy.o
(libbb/lib.a)securetty.o
(libbb/lib.a)setup_environment.o
(libbb/lib.a)simplify_path.o
(libbb/lib.a)single_argv.o
(libbb/lib.a)speed_table.o
(libbb/lib.a)str_tolower.o
(libbb/lib.a)strrstr.o
(libbb/lib.a)sysconf.o
(libbb/lib.a)trim.o
(libbb/lib.a)u_signal_names.o
(libbb/lib.a)ubi.o
(libbb/lib.a)udp_io.o
(libbb/lib.a)unicode.o
(libbb/lib.a)update_passwd.o
(libbb/lib.a)utmp.o
(libbb/lib.a)uuencode.o
(libbb/lib.a)vfork_daemon_rexec.o
(libbb/lib.a)warn_ignoring_args.o
(libbb/lib.a)wfopen_input.o
(libbb/lib.a)write.o
(libbb/lib.a)xatonum.o
(libbb/lib.a)xconnect.o
(libbb/lib.a)xgethostbyname.o
(libbb/lib.a)xrealloc_vector.o
(libbb/lib.a)xregcomp.o
(libbb/lib.a)perror_nomsg.o
libpwdgrp/lib.a
loginutils/lib.a
mailutils/lib.a
miscutils/lib.a
modutils/lib.a
networking/lib.a
networking/libiproute/lib.a
networking/udhcp/lib.a
printutils/lib.a
procps/lib.a
runit/lib.a
selinux/lib.a
shell/lib.a
sysklogd/lib.a
util-linux/lib.a
util-linux/volume_id/lib.a
archival/built-in.o
archival/libarchive/built-in.o
console-tools/built-in.o
coreutils/built-in.o
coreutils/libcoreutils/built-in.o
debianutils/built-in.o
klibc-utils/built-in.o
e2fsprogs/built-in.o
editors/built-in.o
findutils/built-in.o
init/built-in.o
libbb/built-in.o
libpwdgrp/built-in.o
loginutils/built-in.o
mailutils/built-in.o
miscutils/built-in.o
modutils/built-in.o
networking/built-in.o
networking/libiproute/built-in.o
networking/udhcp/built-in.o
printutils/built-in.o
procps/built-in.o
runit/built-in.o
selinux/built-in.o
shell/built-in.o
sysklogd/built-in.o
util-linux/built-in.o
util-linux/volume_id/built-in.o
archival/lib.a
archival/libarchive/lib.a
console-tools/lib.a
coreutils/lib.a
coreutils/libcoreutils/lib.a
debianutils/lib.a
klibc-utils/lib.a
e2fsprogs/lib.a
editors/lib.a
findutils/lib.a
init/lib.a
libbb/lib.a
libpwdgrp/lib.a
loginutils/lib.a
mailutils/lib.a
miscutils/lib.a
modutils/lib.a
networking/lib.a
networking/libiproute/lib.a
networking/udhcp/lib.a
printutils/lib.a
procps/lib.a
runit/lib.a
selinux/lib.a
shell/lib.a
sysklogd/lib.a
util-linux/lib.a
util-linux/volume_id/lib.a
archival/built-in.o
archival/libarchive/built-in.o
console-tools/built-in.o
coreutils/built-in.o
coreutils/libcoreutils/built-in.o
debianutils/built-in.o
klibc-utils/built-in.o
e2fsprogs/built-in.o
editors/built-in.o
findutils/built-in.o
init/built-in.o
libbb/built-in.o
libpwdgrp/built-in.o
loginutils/built-in.o
mailutils/built-in.o
miscutils/built-in.o
modutils/built-in.o
networking/built-in.o
networking/libiproute/built-in.o
networking/udhcp/built-in.o
printutils/built-in.o
procps/built-in.o
runit/built-in.o
selinux/built-in.o
shell/built-in.o
sysklogd/built-in.o
util-linux/built-in.o
util-linux/volume_id/built-in.o
attempt to open ../sysroot/lib/libm.a succeeded
opened script file ../sysroot/lib/libm.a
../sysroot/lib/libm.a
opened script file ../sysroot/lib/libm.a
attempt to open ../sysroot/lib/libm-2.38.a succeeded
../sysroot/lib/libm-2.38.a
(../sysroot/lib/libm-2.38.a)s_sin.o
(../sysroot/lib/libm-2.38.a)w_atan2.o
(../sysroot/lib/libm-2.38.a)w_log.o
(../sysroot/lib/libm-2.38.a)w_pow.o
(../sysroot/lib/libm-2.38.a)w_sqrt.o
(../sysroot/lib/libm-2.38.a)w_exp.o
(../sysroot/lib/libm-2.38.a)branred.o
(../sysroot/lib/libm-2.38.a)sincostab.o
(../sysroot/lib/libm-2.38.a)s_sin-fma.o
(../sysroot/lib/libm-2.38.a)s_sin-fma4.o
(../sysroot/lib/libm-2.38.a)s_sin-avx.o
(../sysroot/lib/libm-2.38.a)e_atan2.o
(../sysroot/lib/libm-2.38.a)e_exp.o
(../sysroot/lib/libm-2.38.a)e_log.o
(../sysroot/lib/libm-2.38.a)e_pow.o
(../sysroot/lib/libm-2.38.a)e_sqrt.o
(../sysroot/lib/libm-2.38.a)math_err.o
(../sysroot/lib/libm-2.38.a)e_exp_data.o
(../sysroot/lib/libm-2.38.a)e_log_data.o
(../sysroot/lib/libm-2.38.a)e_pow_log_data.o
(../sysroot/lib/libm-2.38.a)e_exp-fma.o
(../sysroot/lib/libm-2.38.a)e_log-fma.o
(../sysroot/lib/libm-2.38.a)e_pow-fma.o
(../sysroot/lib/libm-2.38.a)e_atan2-fma.o
(../sysroot/lib/libm-2.38.a)e_exp-fma4.o
(../sysroot/lib/libm-2.38.a)e_log-fma4.o
(../sysroot/lib/libm-2.38.a)e_pow-fma4.o
(../sysroot/lib/libm-2.38.a)e_atan2-fma4.o
(../sysroot/lib/libm-2.38.a)e_exp-avx.o
(../sysroot/lib/libm-2.38.a)e_log-avx.o
(../sysroot/lib/libm-2.38.a)e_atan2-avx.o
attempt to open ../sysroot/lib/libmvec.a succeeded
../sysroot/lib/libmvec.a
../sysroot/lib/libm-2.38.a
../sysroot/lib/libmvec.a
attempt to open ../sysroot/lib/libresolv.a succeeded
../sysroot/lib/libresolv.a
(../sysroot/lib/libresolv.a)ns_netint.o
(../sysroot/lib/libresolv.a)ns_parse.o
../sysroot/lib/libm-2.38.a
../sysroot/lib/libmvec.a
../sysroot/lib/libresolv.a
attempt to open ../sysroot/lib/libgcc.a failed
attempt to open /usr/lib/gcc/x86_64-linux-gnu/13/libgcc.a succeeded
/usr/lib/gcc/x86_64-linux-gnu/13/libgcc.a
attempt to open ../sysroot/lib/libgcc_eh.a failed
attempt to open /usr/lib/gcc/x86_64-linux-gnu/13/libgcc_eh.a succeeded
/usr/lib/gcc/x86_64-linux-gnu/13/libgcc_eh.a
attempt to open ../sysroot/lib/libc.a succeeded
../sysroot/lib/libc.a
(../sysroot/lib/libc.a)libc-start.o
(../sysroot/lib/libc.a)check_fds.o
(../sysroot/lib/libc.a)libc-tls.o
(../sysroot/lib/libc.a)errno.o
(../sysroot/lib/libc.a)errno-loc.o
(../sysroot/lib/libc.a)__libc_assert_fail.o
(../sysroot/lib/libc.a)setjmp.o
(../sysroot/lib/libc.a)sigjmp.o
(../sysroot/lib/libc.a)bsd-_setjmp.o
(../sysroot/lib/libc.a)signal.o
(../sysroot/lib/libc.a)raise.o
(../sysroot/lib/libc.a)killpg.o
(../sysroot/lib/libc.a)sigaction.o
(../sysroot/lib/libc.a)libc_sigaction.o
(../sysroot/lib/libc.a)sigprocmask.o
(../sysroot/lib/libc.a)kill.o
(../sysroot/lib/libc.a)sigsuspend.o
(../sysroot/lib/libc.a)sigempty.o
(../sysroot/lib/libc.a)sigfillset.o
(../sysroot/lib/libc.a)sigaddset.o
(../sysroot/lib/libc.a)sigdelset.o
(../sysroot/lib/libc.a)sigismem.o
(../sysroot/lib/libc.a)sigisempty.o
(../sysroot/lib/libc.a)allocrtsig.o
(../sysroot/lib/libc.a)sigtimedwait.o
(../sysroot/lib/libc.a)atof.o
(../sysroot/lib/libc.a)atoi.o
(../sysroot/lib/libc.a)atoll.o
(../sysroot/lib/libc.a)bsearch.o
(../sysroot/lib/libc.a)canonicalize.o
(../sysroot/lib/libc.a)cxa_atexit.o
(../sysroot/lib/libc.a)div.o
(../sysroot/lib/libc.a)exit.o
(../sysroot/lib/libc.a)getenv.o
(../sysroot/lib/libc.a)getrandom.o
(../sysroot/lib/libc.a)msort.o
(../sysroot/lib/libc.a)putenv.o
(../sysroot/lib/libc.a)qsort.o
(../sysroot/lib/libc.a)rand.o
(../sysroot/lib/libc.a)random.o
(../sysroot/lib/libc.a)random_r.o
(../sysroot/lib/libc.a)setenv.o
(../sysroot/lib/libc.a)strtod.o
(../sysroot/lib/libc.a)strtod_l.o
(../sysroot/lib/libc.a)strtod_nan.o
(../sysroot/lib/libc.a)strtol.o
(../sysroot/lib/libc.a)strtol_l.o
(../sysroot/lib/libc.a)strtoul.o
(../sysroot/lib/libc.a)strtoul_l.o
(../sysroot/lib/libc.a)system.o
(../sysroot/lib/libc.a)add_n.o
(../sysroot/lib/libc.a)cmp.o
(../sysroot/lib/libc.a)lshift.o
(../sysroot/lib/libc.a)mul.o
(../sysroot/lib/libc.a)mul_1.o
(../sysroot/lib/libc.a)mul_n.o
(../sysroot/lib/libc.a)rshift.o
(../sysroot/lib/libc.a)sub_n.o
(../sysroot/lib/libc.a)submul_1.o
(../sysroot/lib/libc.a)mpn2dbl.o
(../sysroot/lib/libc.a)grouping.o
(../sysroot/lib/libc.a)tens_in_limb.o
(../sysroot/lib/libc.a)fpioconst.o
(../sysroot/lib/libc.a)_itoa.o
(../sysroot/lib/libc.a)getline.o
(../sysroot/lib/libc.a)isoc23_fscanf.o
(../sysroot/lib/libc.a)isoc23_scanf.o
(../sysroot/lib/libc.a)isoc23_sscanf.o
(../sysroot/lib/libc.a)itoa-digits.o
(../sysroot/lib/libc.a)itoa-udigits.o
(../sysroot/lib/libc.a)rename.o
(../sysroot/lib/libc.a)vfscanf-internal.o
(../sysroot/lib/libc.a)iofclose.o
(../sysroot/lib/libc.a)iofdopen.o
(../sysroot/lib/libc.a)iofflush.o
(../sysroot/lib/libc.a)iofopen.o
(../sysroot/lib/libc.a)iofputs.o
(../sysroot/lib/libc.a)iofread.o
(../sysroot/lib/libc.a)iofwrite.o
(../sysroot/lib/libc.a)iogetdelim.o
(../sysroot/lib/libc.a)iopopen.o
(../sysroot/lib/libc.a)ioputs.o
(../sysroot/lib/libc.a)iosetvbuf.o
(../sysroot/lib/libc.a)ioungetc.o
(../sysroot/lib/libc.a)putchar_u.o
(../sysroot/lib/libc.a)clearerr.o
(../sysroot/lib/libc.a)fileno.o
(../sysroot/lib/libc.a)fputc.o
(../sysroot/lib/libc.a)pclose.o
(../sysroot/lib/libc.a)rewind.o
(../sysroot/lib/libc.a)setbuf.o
(../sysroot/lib/libc.a)fseeko.o
(../sysroot/lib/libc.a)ftello.o
(../sysroot/lib/libc.a)freopen64.o
(../sysroot/lib/libc.a)libc_fatal.o
(../sysroot/lib/libc.a)vtables.o
(../sysroot/lib/libc.a)feof_u.o
(../sysroot/lib/libc.a)ferror_u.o
(../sysroot/lib/libc.a)fputc_u.o
(../sysroot/lib/libc.a)getc_u.o
(../sysroot/lib/libc.a)getchar_u.o
(../sysroot/lib/libc.a)putc_u.o
(../sysroot/lib/libc.a)iofgets_u.o
(../sysroot/lib/libc.a)iofputs_u.o
(../sysroot/lib/libc.a)fileops.o
(../sysroot/lib/libc.a)genops.o
(../sysroot/lib/libc.a)stdfiles.o
(../sysroot/lib/libc.a)stdio.o
(../sysroot/lib/libc.a)strops.o
(../sysroot/lib/libc.a)alloca_cutoff.o
(../sysroot/lib/libc.a)cancellation.o
(../sysroot/lib/libc.a)libc-cleanup.o
(../sysroot/lib/libc.a)lowlevellock.o
(../sysroot/lib/libc.a)nptl_deallocate_tsd.o
(../sysroot/lib/libc.a)nptl_nthreads.o
(../sysroot/lib/libc.a)pthread_keys.o
(../sysroot/lib/libc.a)pthread_kill.o
(../sysroot/lib/libc.a)pthread_self.o
(../sysroot/lib/libc.a)pthread_setcancelstate.o
(../sysroot/lib/libc.a)pthread_sigmask.o
(../sysroot/lib/libc.a)malloc.o
(../sysroot/lib/libc.a)scratch_buffer_grow.o
(../sysroot/lib/libc.a)scratch_buffer_grow_preserve.o
(../sysroot/lib/libc.a)scratch_buffer_set_array_size.o
(../sysroot/lib/libc.a)memchr.o
(../sysroot/lib/libc.a)memcmp.o
(../sysroot/lib/libc.a)memcpy.o
(../sysroot/lib/libc.a)memmove.o
(../sysroot/lib/libc.a)mempcpy.o
(../sysroot/lib/libc.a)memrchr.o
(../sysroot/lib/libc.a)memset.o
(../sysroot/lib/libc.a)stpcpy.o
(../sysroot/lib/libc.a)stpncpy.o
(../sysroot/lib/libc.a)strcasecmp.o
(../sysroot/lib/libc.a)strcasestr.o
(../sysroot/lib/libc.a)strcat.o
(../sysroot/lib/libc.a)strchr.o
(../sysroot/lib/libc.a)strchrnul.o
(../sysroot/lib/libc.a)strcmp.o
(../sysroot/lib/libc.a)strcpy.o
(../sysroot/lib/libc.a)strcspn.o
(../sysroot/lib/libc.a)strdup.o
(../sysroot/lib/libc.a)strerror.o
(../sysroot/lib/libc.a)strerror_l.o
(../sysroot/lib/libc.a)strlen.o
(../sysroot/lib/libc.a)strncase.o
(../sysroot/lib/libc.a)strncase_l.o
(../sysroot/lib/libc.a)strncmp.o
(../sysroot/lib/libc.a)strncpy.o
(../sysroot/lib/libc.a)strndup.o
(../sysroot/lib/libc.a)strnlen.o
(../sysroot/lib/libc.a)strpbrk.o
(../sysroot/lib/libc.a)strrchr.o
(../sysroot/lib/libc.a)strsep.o
(../sysroot/lib/libc.a)strsignal.o
(../sysroot/lib/libc.a)strspn.o
(../sysroot/lib/libc.a)strstr.o
(../sysroot/lib/libc.a)strtok_r.o
(../sysroot/lib/libc.a)strverscmp.o
(../sysroot/lib/libc.a)memchr-avx2.o
(../sysroot/lib/libc.a)memchr-avx2-rtm.o
(../sysroot/lib/libc.a)memchr-evex.o
(../sysroot/lib/libc.a)memchr-evex-rtm.o
(../sysroot/lib/libc.a)memchr-sse2.o
(../sysroot/lib/libc.a)memcmp-avx2-movbe.o
(../sysroot/lib/libc.a)memcmp-avx2-movbe-rtm.o
(../sysroot/lib/libc.a)memcmp-evex-movbe.o
(../sysroot/lib/libc.a)memcmp-sse2.o
(../sysroot/lib/libc.a)memmove-avx-unaligned-erms.o
(../sysroot/lib/libc.a)memmove-avx-unaligned-erms-rtm.o
(../sysroot/lib/libc.a)memmove-avx512-no-vzeroupper.o
(../sysroot/lib/libc.a)memmove-avx512-unaligned-erms.o
(../sysroot/lib/libc.a)memmove-erms.o
(../sysroot/lib/libc.a)memmove-evex-unaligned-erms.o
(../sysroot/lib/libc.a)memmove-sse2-unaligned-erms.o
(../sysroot/lib/libc.a)memmove-ssse3.o
(../sysroot/lib/libc.a)memrchr-avx2.o
(../sysroot/lib/libc.a)memrchr-avx2-rtm.o
(../sysroot/lib/libc.a)memrchr-evex.o
(../sysroot/lib/libc.a)memrchr-sse2.o
(../sysroot/lib/libc.a)memset-avx2-unaligned-erms.o
(../sysroot/lib/libc.a)memset-avx2-unaligned-erms-rtm.o
(../sysroot/lib/libc.a)memset-avx512-no-vzeroupper.o
(../sysroot/lib/libc.a)memset-avx512-unaligned-erms.o
(../sysroot/lib/libc.a)memset-erms.o
(../sysroot/lib/libc.a)memset-evex-unaligned-erms.o
(../sysroot/lib/libc.a)memset-sse2-unaligned-erms.o
(../sysroot/lib/libc.a)stpcpy-avx2.o
(../sysroot/lib/libc.a)stpcpy-avx2-rtm.o
(../sysroot/lib/libc.a)stpcpy-evex.o
(../sysroot/lib/libc.a)stpcpy-sse2.o
(../sysroot/lib/libc.a)stpcpy-sse2-unaligned.o
(../sysroot/lib/libc.a)stpncpy-avx2.o
(../sysroot/lib/libc.a)stpncpy-avx2-rtm.o
(../sysroot/lib/libc.a)stpncpy-evex.o
(../sysroot/lib/libc.a)stpncpy-sse2-unaligned.o
(../sysroot/lib/libc.a)strcasecmp_l-avx2.o
(../sysroot/lib/libc.a)strcasecmp_l-avx2-rtm.o
(../sysroot/lib/libc.a)strcasecmp_l-evex.o
(../sysroot/lib/libc.a)strcasecmp_l-sse2.o
(../sysroot/lib/libc.a)strcasecmp_l-sse4_2.o
(../sysroot/lib/libc.a)strcat-avx2.o
(../sysroot/lib/libc.a)strcat-avx2-rtm.o
(../sysroot/lib/libc.a)strcat-evex.o
(../sysroot/lib/libc.a)strcat-sse2.o
(../sysroot/lib/libc.a)strcat-sse2-unaligned.o
(../sysroot/lib/libc.a)strchr-avx2.o
(../sysroot/lib/libc.a)strchr-avx2-rtm.o
(../sysroot/lib/libc.a)strchr-evex.o
(../sysroot/lib/libc.a)strchr-sse2.o
(../sysroot/lib/libc.a)strchr-sse2-no-bsf.o
(../sysroot/lib/libc.a)strchrnul-avx2.o
(../sysroot/lib/libc.a)strchrnul-avx2-rtm.o
(../sysroot/lib/libc.a)strchrnul-evex.o
(../sysroot/lib/libc.a)strchrnul-sse2.o
(../sysroot/lib/libc.a)strcmp-avx2.o
(../sysroot/lib/libc.a)strcmp-avx2-rtm.o
(../sysroot/lib/libc.a)strcmp-evex.o
(../sysroot/lib/libc.a)strcmp-sse2.o
(../sysroot/lib/libc.a)strcmp-sse2-unaligned.o
(../sysroot/lib/libc.a)strcmp-sse4_2.o
(../sysroot/lib/libc.a)strcpy-avx2.o
(../sysroot/lib/libc.a)strcpy-avx2-rtm.o
(../sysroot/lib/libc.a)strcpy-evex.o
(../sysroot/lib/libc.a)strcpy-sse2.o
(../sysroot/lib/libc.a)strcpy-sse2-unaligned.o
(../sysroot/lib/libc.a)strcspn-sse4.o
(../sysroot/lib/libc.a)strlen-avx2.o
(../sysroot/lib/libc.a)strlen-avx2-rtm.o
(../sysroot/lib/libc.a)strlen-evex.o
(../sysroot/lib/libc.a)strlen-sse2.o
(../sysroot/lib/libc.a)strncase_l-avx2.o
(../sysroot/lib/libc.a)strncase_l-avx2-rtm.o
(../sysroot/lib/libc.a)strncase_l-evex.o
(../sysroot/lib/libc.a)strncase_l-sse2.o
(../sysroot/lib/libc.a)strncase_l-sse4_2.o
(../sysroot/lib/libc.a)strncmp-avx2.o
(../sysroot/lib/libc.a)strncmp-avx2-rtm.o
(../sysroot/lib/libc.a)strncmp-evex.o
(../sysroot/lib/libc.a)strncmp-sse2.o
(../sysroot/lib/libc.a)strncmp-sse4_2.o
(../sysroot/lib/libc.a)strncpy-avx2.o
(../sysroot/lib/libc.a)strncpy-avx2-rtm.o
(../sysroot/lib/libc.a)strncpy-evex.o
(../sysroot/lib/libc.a)strncpy-sse2-unaligned.o
(../sysroot/lib/libc.a)strnlen-avx2.o
(../sysroot/lib/libc.a)strnlen-avx2-rtm.o
(../sysroot/lib/libc.a)strnlen-evex.o
(../sysroot/lib/libc.a)strnlen-sse2.o
(../sysroot/lib/libc.a)strpbrk-sse4.o
(../sysroot/lib/libc.a)strrchr-avx2.o
(../sysroot/lib/libc.a)strrchr-avx2-rtm.o
(../sysroot/lib/libc.a)strrchr-evex.o
(../sysroot/lib/libc.a)strrchr-sse2.o
(../sysroot/lib/libc.a)strspn-sse4.o
(../sysroot/lib/libc.a)strstr-avx512.o
(../sysroot/lib/libc.a)strstr-sse2-unaligned.o
(../sysroot/lib/libc.a)varshift.o
(../sysroot/lib/libc.a)strcasecmp_l-nonascii.o
(../sysroot/lib/libc.a)strcspn-generic.o
(../sysroot/lib/libc.a)strncase_l-nonascii.o
(../sysroot/lib/libc.a)strpbrk-generic.o
(../sysroot/lib/libc.a)strspn-generic.o
(../sysroot/lib/libc.a)mbrlen.o
(../sysroot/lib/libc.a)mbrtowc.o
(../sysroot/lib/libc.a)wcrtomb.o
(../sysroot/lib/libc.a)wcsmbsload.o
(../sysroot/lib/libc.a)ctime.o
(../sysroot/lib/libc.a)gmtime.o
(../sysroot/lib/libc.a)localtime.o
(../sysroot/lib/libc.a)mktime.o
(../sysroot/lib/libc.a)time.o
(../sysroot/lib/libc.a)gettimeofday.o
(../sysroot/lib/libc.a)settimeofday.o
(../sysroot/lib/libc.a)settimezone.o
(../sysroot/lib/libc.a)tzset.o
(../sysroot/lib/libc.a)tzfile.o
(../sysroot/lib/libc.a)setitimer.o
(../sysroot/lib/libc.a)timegm.o
(../sysroot/lib/libc.a)strptime.o
(../sysroot/lib/libc.a)strptime_l.o
(../sysroot/lib/libc.a)strftime.o
(../sysroot/lib/libc.a)strftime_l.o
(../sysroot/lib/libc.a)clock_gettime.o
(../sysroot/lib/libc.a)clock_settime.o
(../sysroot/lib/libc.a)era.o
(../sysroot/lib/libc.a)alt_digit.o
(../sysroot/lib/libc.a)opendir.o
(../sysroot/lib/libc.a)closedir.o
(../sysroot/lib/libc.a)readdir64.o
(../sysroot/lib/libc.a)scandir64.o
(../sysroot/lib/libc.a)alphasort64.o
(../sysroot/lib/libc.a)scandir64-tail.o
(../sysroot/lib/libc.a)setgroups.o
(../sysroot/lib/libc.a)_exit.o
(../sysroot/lib/libc.a)alarm.o
(../sysroot/lib/libc.a)execl.o
(../sysroot/lib/libc.a)execle.o
(../sysroot/lib/libc.a)execlp.o
(../sysroot/lib/libc.a)execv.o
(../sysroot/lib/libc.a)execve.o
(../sysroot/lib/libc.a)execvp.o
(../sysroot/lib/libc.a)execvpe.o
(../sysroot/lib/libc.a)fnmatch.o
(../sysroot/lib/libc.a)fork.o
(../sysroot/lib/libc.a)getaddrinfo.o
/usr/bin/ld: libbb/lib.a(inet_common.o): in function `INET6_resolve':
inet_common.c:(.text.INET6_resolve+0x45): warning: Using 'getaddrinfo' in statically linked applications requires at runtime the shared libraries from the glibc version used for linking
(../sysroot/lib/libc.a)getegid.o
(../sysroot/lib/libc.a)geteuid.o
(../sysroot/lib/libc.a)getgid.o
(../sysroot/lib/libc.a)getgroups.o
(../sysroot/lib/libc.a)getopt.o
(../sysroot/lib/libc.a)getopt1.o
(../sysroot/lib/libc.a)getpgrp.o
(../sysroot/lib/libc.a)getpid.o
(../sysroot/lib/libc.a)getppid.o
(../sysroot/lib/libc.a)getresgid.o
(../sysroot/lib/libc.a)getresuid.o
(../sysroot/lib/libc.a)getsid.o
(../sysroot/lib/libc.a)getuid.o
(../sysroot/lib/libc.a)glob.o
(../sysroot/lib/libc.a)globfree.o
(../sysroot/lib/libc.a)nanosleep.o
(../sysroot/lib/libc.a)pause.o
(../sysroot/lib/libc.a)pread64.o
(../sysroot/lib/libc.a)regex.o
(../sysroot/lib/libc.a)register-atfork.o
(../sysroot/lib/libc.a)sched_getaffinity.o
(../sysroot/lib/libc.a)sched_getp.o
(../sysroot/lib/libc.a)sched_gets.o
(../sysroot/lib/libc.a)sched_primax.o
(../sysroot/lib/libc.a)sched_primin.o
(../sysroot/lib/libc.a)sched_setaffinity.o
(../sysroot/lib/libc.a)sched_sets.o
(../sysroot/lib/libc.a)sched_yield.o
(../sysroot/lib/libc.a)setgid.o
(../sysroot/lib/libc.a)setpgid.o
(../sysroot/lib/libc.a)setpgrp.o
(../sysroot/lib/libc.a)setresgid.o
(../sysroot/lib/libc.a)setresuid.o
(../sysroot/lib/libc.a)setsid.o
(../sysroot/lib/libc.a)setuid.o
(../sysroot/lib/libc.a)sleep.o
(../sysroot/lib/libc.a)spawn.o
(../sysroot/lib/libc.a)spawn_faction_addclose.o
(../sysroot/lib/libc.a)spawn_faction_adddup2.o
(../sysroot/lib/libc.a)spawn_faction_destroy.o
(../sysroot/lib/libc.a)spawn_faction_init.o
(../sysroot/lib/libc.a)spawn_valid_fd.o
(../sysroot/lib/libc.a)spawnattr_destroy.o
(../sysroot/lib/libc.a)spawnattr_init.o
(../sysroot/lib/libc.a)spawnattr_setdefault.o
(../sysroot/lib/libc.a)spawnattr_setflags.o
(../sysroot/lib/libc.a)spawnattr_setsigmask.o
(../sysroot/lib/libc.a)spawni.o
(../sysroot/lib/libc.a)sysconf.o
(../sysroot/lib/libc.a)times.o
(../sysroot/lib/libc.a)uname.o
(../sysroot/lib/libc.a)vfork.o
(../sysroot/lib/libc.a)wait.o
(../sysroot/lib/libc.a)wait3.o
(../sysroot/lib/libc.a)wait4.o
(../sysroot/lib/libc.a)waitpid.o
(../sysroot/lib/libc.a)environ.o
(../sysroot/lib/libc.a)access.o
(../sysroot/lib/libc.a)chdir.o
(../sysroot/lib/libc.a)chmod.o
(../sysroot/lib/libc.a)chown.o
(../sysroot/lib/libc.a)close.o
(../sysroot/lib/libc.a)creat64.o
(../sysroot/lib/libc.a)dup.o
(../sysroot/lib/libc.a)dup2.o
(../sysroot/lib/libc.a)dup3.o
(../sysroot/lib/libc.a)faccessat.o
(../sysroot/lib/libc.a)fchdir.o
(../sysroot/lib/libc.a)fchmod.o
(../sysroot/lib/libc.a)fchown.o
(../sysroot/lib/libc.a)fcntl64.o
(../sysroot/lib/libc.a)flock.o
(../sysroot/lib/libc.a)fstat64.o
(../sysroot/lib/libc.a)fstatat64.o
(../sysroot/lib/libc.a)futimens.o
(../sysroot/lib/libc.a)getcwd.o
(../sysroot/lib/libc.a)isatty.o
(../sysroot/lib/libc.a)lchown.o
(../sysroot/lib/libc.a)link.o
(../sysroot/lib/libc.a)lseek64.o
(../sysroot/lib/libc.a)lstat64.o
(../sysroot/lib/libc.a)mkdir.o
(../sysroot/lib/libc.a)mkfifo.o
(../sysroot/lib/libc.a)mknod.o
(../sysroot/lib/libc.a)mknodat.o
(../sysroot/lib/libc.a)open64.o
(../sysroot/lib/libc.a)open64_2.o
(../sysroot/lib/libc.a)openat64.o
(../sysroot/lib/libc.a)pipe.o
(../sysroot/lib/libc.a)pipe2.o
(../sysroot/lib/libc.a)poll.o
(../sysroot/lib/libc.a)posix_fallocate64.o
(../sysroot/lib/libc.a)read.o
(../sysroot/lib/libc.a)readlink.o
(../sysroot/lib/libc.a)rmdir.o
(../sysroot/lib/libc.a)sendfile64.o
(../sysroot/lib/libc.a)stat64.o
(../sysroot/lib/libc.a)statfs64.o
(../sysroot/lib/libc.a)statvfs64.o
(../sysroot/lib/libc.a)symlink.o
(../sysroot/lib/libc.a)ttyname_r.o
(../sysroot/lib/libc.a)umask.o
(../sysroot/lib/libc.a)unlink.o
(../sysroot/lib/libc.a)utimensat.o
(../sysroot/lib/libc.a)write.o
(../sysroot/lib/libc.a)close_nocancel.o
(../sysroot/lib/libc.a)fcntl_nocancel.o
(../sysroot/lib/libc.a)internal_statvfs.o
(../sysroot/lib/libc.a)open64_nocancel.o
(../sysroot/lib/libc.a)openat64_nocancel.o
(../sysroot/lib/libc.a)read_nocancel.o
(../sysroot/lib/libc.a)write_nocancel.o
(../sysroot/lib/libc.a)speed.o
(../sysroot/lib/libc.a)cfsetspeed.o
(../sysroot/lib/libc.a)tcsetattr.o
(../sysroot/lib/libc.a)tcgetattr.o
(../sysroot/lib/libc.a)tcgetpgrp.o
(../sysroot/lib/libc.a)tcsetpgrp.o
(../sysroot/lib/libc.a)tcdrain.o
(../sysroot/lib/libc.a)tcflush.o
(../sysroot/lib/libc.a)tcsendbrk.o
(../sysroot/lib/libc.a)cfmakeraw.o
(../sysroot/lib/libc.a)tcgetsid.o
(../sysroot/lib/libc.a)getrlimit64.o
(../sysroot/lib/libc.a)setrlimit64.o
(../sysroot/lib/libc.a)getpriority.o
(../sysroot/lib/libc.a)setpriority.o
(../sysroot/lib/libc.a)nice.o
(../sysroot/lib/libc.a)acct.o
(../sysroot/lib/libc.a)brk.o
(../sysroot/lib/libc.a)chroot.o
(../sysroot/lib/libc.a)daemon.o
(../sysroot/lib/libc.a)dirname.o
(../sysroot/lib/libc.a)fd_to_filename.o
(../sysroot/lib/libc.a)fdatasync.o
(../sysroot/lib/libc.a)fsync.o
(../sysroot/lib/libc.a)ftruncate64.o
(../sysroot/lib/libc.a)getclktck.o
(../sysroot/lib/libc.a)getdtsz.o
(../sysroot/lib/libc.a)gethostid.o
(../sysroot/lib/libc.a)gethostname.o
(../sysroot/lib/libc.a)getpagesize.o
(../sysroot/lib/libc.a)getsysstats.o
(../sysroot/lib/libc.a)getusershell.o
(../sysroot/lib/libc.a)ioctl.o
(../sysroot/lib/libc.a)lremovexattr.o
(../sysroot/lib/libc.a)lsetxattr.o
(../sysroot/lib/libc.a)madvise.o
(../sysroot/lib/libc.a)makedev.o
(../sysroot/lib/libc.a)mkdtemp.o
(../sysroot/lib/libc.a)mkstemp.o
(../sysroot/lib/libc.a)mktemp.o
/usr/bin/ld: coreutils/lib.a(mktemp.o): in function `mktemp_main':
mktemp.c:(.text.mktemp_main+0xa4): warning: the use of `mktemp' is dangerous, better use `mkstemp' or `mkdtemp'
(../sysroot/lib/libc.a)mlock.o
(../sysroot/lib/libc.a)mmap64.o
(../sysroot/lib/libc.a)mntent.o
(../sysroot/lib/libc.a)mntent_r.o
(../sysroot/lib/libc.a)mprotect.o
(../sysroot/lib/libc.a)munlock.o
(../sysroot/lib/libc.a)munmap.o
(../sysroot/lib/libc.a)reboot.o
(../sysroot/lib/libc.a)removexattr.o
(../sysroot/lib/libc.a)sbrk.o
(../sysroot/lib/libc.a)select.o
(../sysroot/lib/libc.a)setegid.o
(../sysroot/lib/libc.a)seteuid.o
(../sysroot/lib/libc.a)sethostname.o
(../sysroot/lib/libc.a)setxattr.o
(../sysroot/lib/libc.a)single_threaded.o
(../sysroot/lib/libc.a)swapoff.o
(../sysroot/lib/libc.a)swapon.o
(../sysroot/lib/libc.a)sync.o
(../sysroot/lib/libc.a)syncfs.o
(../sysroot/lib/libc.a)syscall.o
(../sysroot/lib/libc.a)syslog.o
(../sysroot/lib/libc.a)tsearch.o
(../sysroot/lib/libc.a)usleep.o
(../sysroot/lib/libc.a)utimes.o
(../sysroot/lib/libc.a)init-misc.o
(../sysroot/lib/libc.a)adjtimex.o
(../sysroot/lib/libc.a)clock_adjtime.o
(../sysroot/lib/libc.a)clone-internal.o
(../sysroot/lib/libc.a)clone3.o
(../sysroot/lib/libc.a)closefrom_fallback.o
(../sysroot/lib/libc.a)mremap.o
(../sysroot/lib/libc.a)personality.o
(../sysroot/lib/libc.a)prctl.o
(../sysroot/lib/libc.a)readahead.o
(../sysroot/lib/libc.a)umount2.o
(../sysroot/lib/libc.a)capget.o
(../sysroot/lib/libc.a)capset.o
(../sysroot/lib/libc.a)klogctl.o
(../sysroot/lib/libc.a)mount.o
(../sysroot/lib/libc.a)pivot_root.o
(../sysroot/lib/libc.a)sysinfo.o
(../sysroot/lib/libc.a)unshare.o
(../sysroot/lib/libc.a)setns.o
(../sysroot/lib/libc.a)malloc-hugepages.o
(../sysroot/lib/libc.a)accept.o
(../sysroot/lib/libc.a)bind.o
(../sysroot/lib/libc.a)connect.o
(../sysroot/lib/libc.a)getpeername.o
(../sysroot/lib/libc.a)getsockname.o
(../sysroot/lib/libc.a)getsockopt.o
(../sysroot/lib/libc.a)listen.o
(../sysroot/lib/libc.a)recv.o
(../sysroot/lib/libc.a)recvfrom.o
(../sysroot/lib/libc.a)recvmsg.o
(../sysroot/lib/libc.a)send.o
(../sysroot/lib/libc.a)sendmsg.o
(../sysroot/lib/libc.a)sendto.o
(../sysroot/lib/libc.a)setsockopt.o
(../sysroot/lib/libc.a)shutdown.o
(../sysroot/lib/libc.a)socket.o
(../sysroot/lib/libc.a)socketpair.o
(../sysroot/lib/libc.a)cmsg_nxthdr.o
(../sysroot/lib/libc.a)msgget.o
(../sysroot/lib/libc.a)msgctl.o
(../sysroot/lib/libc.a)semop.o
(../sysroot/lib/libc.a)semget.o
(../sysroot/lib/libc.a)semctl.o
(../sysroot/lib/libc.a)semtimedop.o
(../sysroot/lib/libc.a)shmat.o
(../sysroot/lib/libc.a)shmdt.o
(../sysroot/lib/libc.a)shmget.o
(../sysroot/lib/libc.a)shmctl.o
(../sysroot/lib/libc.a)wcfuncs.o
(../sysroot/lib/libc.a)wctype.o
(../sysroot/lib/libc.a)iswctype.o
(../sysroot/lib/libc.a)wctrans.o
(../sysroot/lib/libc.a)towctrans.o
(../sysroot/lib/libc.a)asprintf_chk.o
(../sysroot/lib/libc.a)chk_fail.o
(../sysroot/lib/libc.a)dprintf_chk.o
(../sysroot/lib/libc.a)fdelt_chk.o
(../sysroot/lib/libc.a)fortify_fail.o
(../sysroot/lib/libc.a)fprintf_chk.o
(../sysroot/lib/libc.a)fread_chk.o
(../sysroot/lib/libc.a)longjmp_chk.o
(../sysroot/lib/libc.a)poll_chk.o
(../sysroot/lib/libc.a)printf_chk.o
(../sysroot/lib/libc.a)snprintf_chk.o
(../sysroot/lib/libc.a)sprintf_chk.o
(../sysroot/lib/libc.a)stack_chk_fail.o
(../sysroot/lib/libc.a)strcat_chk.o
(../sysroot/lib/libc.a)strcpy_chk.o
(../sysroot/lib/libc.a)vasprintf_chk.o
(../sysroot/lib/libc.a)vfprintf_chk.o
(../sysroot/lib/libc.a)vprintf_chk.o
(../sysroot/lib/libc.a)vsnprintf_chk.o
(../sysroot/lib/libc.a)memcpy_chk-nonshared.o
(../sysroot/lib/libc.a)memmove_chk-nonshared.o
(../sysroot/lib/libc.a)mempcpy_chk-nonshared.o
(../sysroot/lib/libc.a)memset_chk-nonshared.o
(../sysroot/lib/libc.a)inet_ntoa.o
(../sysroot/lib/libc.a)herrno.o
(../sysroot/lib/libc.a)herrno-loc.o
(../sysroot/lib/libc.a)gethstbyad.o
/usr/bin/ld: networking/lib.a(ipcalc.o): in function `ipcalc_main':
ipcalc.c:(.text.ipcalc_main+0x200): warning: Using 'gethostbyaddr' in statically linked applications requires at runtime the shared libraries from the glibc version used for linking
(../sysroot/lib/libc.a)gethstbyad_r.o
(../sysroot/lib/libc.a)gethstbynm.o
/usr/bin/ld: libbb/lib.a(inet_common.o): in function `INET_resolve':
inet_common.c:(.text.INET_resolve+0x41): warning: Using 'gethostbyname' in statically linked applications requires at runtime the shared libraries from the glibc version used for linking
(../sysroot/lib/libc.a)gethstbynm2_r.o
(../sysroot/lib/libc.a)gethstbynm_r.o
(../sysroot/lib/libc.a)getsrvbynm.o
/usr/bin/ld: networking/lib.a(inetd.o): in function `reread_config_file':
inetd.c:(.text.reread_config_file+0x230): warning: Using 'getservbyname' in statically linked applications requires at runtime the shared libraries from the glibc version used for linking
(../sysroot/lib/libc.a)getsrvbynm_r.o
(../sysroot/lib/libc.a)getsrvbypt.o
/usr/bin/ld: networking/lib.a(netstat.o): in function `ip_port_str':
netstat.c:(.text.ip_port_str+0x4e): warning: Using 'getservbyport' in statically linked applications requires at runtime the shared libraries from the glibc version used for linking
(../sysroot/lib/libc.a)getsrvbypt_r.o
(../sysroot/lib/libc.a)ether_aton_r.o
(../sysroot/lib/libc.a)ether_hton.o
(../sysroot/lib/libc.a)in6_addr.o
(../sysroot/lib/libc.a)getnameinfo.o
(../sysroot/lib/libc.a)if_index.o
(../sysroot/lib/libc.a)ifaddrs.o
(../sysroot/lib/libc.a)inet6_scopeid_pton.o
(../sysroot/lib/libc.a)idna.o
(../sysroot/lib/libc.a)idna_name_classify.o
(../sysroot/lib/libc.a)check_pf.o
(../sysroot/lib/libc.a)check_native.o
(../sysroot/lib/libc.a)netlink_assert_response.o
(../sysroot/lib/libc.a)dn_expand.o
(../sysroot/lib/libc.a)dn_skipname.o
(../sysroot/lib/libc.a)herror.o
(../sysroot/lib/libc.a)inet_addr.o
(../sysroot/lib/libc.a)inet_ntop.o
(../sysroot/lib/libc.a)inet_pton.o
(../sysroot/lib/libc.a)ns_name_skip.o
(../sysroot/lib/libc.a)ns_name_uncompress.o
(../sysroot/lib/libc.a)ns_name_unpack.o
(../sysroot/lib/libc.a)res_hconf.o
(../sysroot/lib/libc.a)res_mkquery.o
(../sysroot/lib/libc.a)resolv_context.o
(../sysroot/lib/libc.a)nsswitch.o
(../sysroot/lib/libc.a)digits_dots.o
(../sysroot/lib/libc.a)service-lookup.o
(../sysroot/lib/libc.a)hosts-lookup.o
(../sysroot/lib/libc.a)ethers-lookup.o
(../sysroot/lib/libc.a)nss_module.o
(../sysroot/lib/libc.a)nss_database.o
(../sysroot/lib/libc.a)nss_files_functions.o
(../sysroot/lib/libc.a)files-proto.o
(../sysroot/lib/libc.a)files-service.o
(../sysroot/lib/libc.a)files-hosts.o
(../sysroot/lib/libc.a)files-network.o
(../sysroot/lib/libc.a)files-grp.o
(../sysroot/lib/libc.a)files-pwd.o
(../sysroot/lib/libc.a)files-ethers.o
(../sysroot/lib/libc.a)files-spwd.o
(../sysroot/lib/libc.a)files-netgrp.o
(../sysroot/lib/libc.a)files-alias.o
(../sysroot/lib/libc.a)files-sgrp.o
(../sysroot/lib/libc.a)files-rpc.o
(../sysroot/lib/libc.a)files-initgroups.o
(../sysroot/lib/libc.a)nscd_gethst_r.o
(../sysroot/lib/libc.a)nscd_getai.o
(../sysroot/lib/libc.a)nscd_getserv_r.o
(../sysroot/lib/libc.a)nscd_helper.o
(../sysroot/lib/libc.a)getlogin_r.o
(../sysroot/lib/libc.a)getutent_r.o
(../sysroot/lib/libc.a)utmp_file.o
(../sysroot/lib/libc.a)utmpname.o
(../sysroot/lib/libc.a)grantpt.o
(../sysroot/lib/libc.a)unlockpt.o
(../sysroot/lib/libc.a)ptsname.o
(../sysroot/lib/libc.a)setutxent.o
(../sysroot/lib/libc.a)getutxent.o
(../sysroot/lib/libc.a)endutxent.o
(../sysroot/lib/libc.a)pututxline.o
(../sysroot/lib/libc.a)utmpxname.o
(../sysroot/lib/libc.a)updwtmpx.o
(../sysroot/lib/libc.a)dl-debug.o
(../sysroot/lib/libc.a)dl-debug-symbols.o
(../sysroot/lib/libc.a)dl-tls.o
(../sysroot/lib/libc.a)dl-tls_init_tp.o
(../sysroot/lib/libc.a)dl-tunables.o
(../sysroot/lib/libc.a)dl-early_allocate.o
(../sysroot/lib/libc.a)dl-libc.o
(../sysroot/lib/libc.a)dl-profstub.o
(../sysroot/lib/libc.a)dl-support.o
(../sysroot/lib/libc.a)dl-sysdep.o
(../sysroot/lib/libc.a)enbl-secure.o
(../sysroot/lib/libc.a)libc_early_init.o
(../sysroot/lib/libc.a)init-first.o
(../sysroot/lib/libc.a)gconv_db.o
(../sysroot/lib/libc.a)gconv_conf.o
(../sysroot/lib/libc.a)gconv_builtin.o
(../sysroot/lib/libc.a)gconv_simple.o
(../sysroot/lib/libc.a)gconv_trans.o
(../sysroot/lib/libc.a)gconv_cache.o
(../sysroot/lib/libc.a)gconv_dl.o
(../sysroot/lib/libc.a)setlocale.o
(../sysroot/lib/libc.a)findlocale.o
(../sysroot/lib/libc.a)loadlocale.o
(../sysroot/lib/libc.a)loadarchive.o
(../sysroot/lib/libc.a)uselocale.o
(../sysroot/lib/libc.a)lc-ctype.o
(../sysroot/lib/libc.a)lc-collate.o
(../sysroot/lib/libc.a)C-ctype.o
(../sysroot/lib/libc.a)C-time.o
(../sysroot/lib/libc.a)SYS_libc.o
(../sysroot/lib/libc.a)C_name.o
(../sysroot/lib/libc.a)xlocale.o
(../sysroot/lib/libc.a)global-locale.o
(../sysroot/lib/libc.a)coll-lookup.o
(../sysroot/lib/libc.a)ctype-info.o
(../sysroot/lib/libc.a)dcgettext.o
(../sysroot/lib/libc.a)dcigettext.o
(../sysroot/lib/libc.a)finddomain.o
(../sysroot/lib/libc.a)loadmsgcat.o
(../sysroot/lib/libc.a)localealias.o
(../sysroot/lib/libc.a)l10nflist.o
(../sysroot/lib/libc.a)explodename.o
(../sysroot/lib/libc.a)plural.o
(../sysroot/lib/libc.a)plural-exp.o
(../sysroot/lib/libc.a)hash-string.o
(../sysroot/lib/libc.a)jmp-unwind.o
(../sysroot/lib/libc.a)abort.o
(../sysroot/lib/libc.a)secure-getenv.o
(../sysroot/lib/libc.a)strtof.o
(../sysroot/lib/libc.a)strtof_l.o
(../sysroot/lib/libc.a)strtof_nan.o
(../sysroot/lib/libc.a)strtold.o
(../sysroot/lib/libc.a)strtold_l.o
(../sysroot/lib/libc.a)strtold_nan.o
(../sysroot/lib/libc.a)addmul_1.o
(../sysroot/lib/libc.a)mpn2flt.o
(../sysroot/lib/libc.a)mpn2ldbl.o
(../sysroot/lib/libc.a)strtof128.o
(../sysroot/lib/libc.a)strtof128_l.o
(../sysroot/lib/libc.a)strtof128_nan.o
(../sysroot/lib/libc.a)mpn2float128.o
(../sysroot/lib/libc.a)asprintf.o
(../sysroot/lib/libc.a)dprintf.o
(../sysroot/lib/libc.a)fprintf.o
(../sysroot/lib/libc.a)funlockfile.o
(../sysroot/lib/libc.a)snprintf.o
(../sysroot/lib/libc.a)sprintf.o
(../sysroot/lib/libc.a)tempname.o
(../sysroot/lib/libc.a)vfprintf-internal.o
(../sysroot/lib/libc.a)errlist.o
(../sysroot/lib/libc.a)errlist-data.o
(../sysroot/lib/libc.a)errname.o
(../sysroot/lib/libc.a)fxprintf.o
(../sysroot/lib/libc.a)printf-parsemb.o
(../sysroot/lib/libc.a)filedoalloc.o
(../sysroot/lib/libc.a)iofgetpos.o
(../sysroot/lib/libc.a)iofsetpos.o
(../sysroot/lib/libc.a)iogetline.o
(../sysroot/lib/libc.a)ioseekoff.o
(../sysroot/lib/libc.a)ioseekpos.o
(../sysroot/lib/libc.a)iosetbuffer.o
(../sysroot/lib/libc.a)iovsprintf.o
(../sysroot/lib/libc.a)wgenops.o
(../sysroot/lib/libc.a)wfileops.o
(../sysroot/lib/libc.a)iofwide.o
(../sysroot/lib/libc.a)fseek.o
(../sysroot/lib/libc.a)vasprintf.o
(../sysroot/lib/libc.a)iovdprintf.o
(../sysroot/lib/libc.a)vsnprintf.o
(../sysroot/lib/libc.a)iofread_u.o
(../sysroot/lib/libc.a)elision-conf.o
(../sysroot/lib/libc.a)nptl_setxid.o
(../sysroot/lib/libc.a)pthread_cleanup_upto.o
(../sysroot/lib/libc.a)pthread_mutex_conf.o
(../sysroot/lib/libc.a)pthread_mutex_lock.o
(../sysroot/lib/libc.a)pthread_mutex_unlock.o
(../sysroot/lib/libc.a)pthread_once.o
(../sysroot/lib/libc.a)pthread_rwlock_init.o
(../sysroot/lib/libc.a)pthread_rwlock_rdlock.o
(../sysroot/lib/libc.a)pthread_rwlock_unlock.o
(../sysroot/lib/libc.a)pthread_rwlock_wrlock.o
(../sysroot/lib/libc.a)tpp.o
(../sysroot/lib/libc.a)vars.o
(../sysroot/lib/libc.a)dynarray_at_failure.o
(../sysroot/lib/libc.a)dynarray_emplace_enlarge.o
(../sysroot/lib/libc.a)dynarray_resize.o
(../sysroot/lib/libc.a)alloc_buffer_alloc_array.o
(../sysroot/lib/libc.a)alloc_buffer_copy_string.o
(../sysroot/lib/libc.a)alloc_buffer_create_failure.o
(../sysroot/lib/libc.a)_strerror.o
(../sysroot/lib/libc.a)argz-addsep.o
(../sysroot/lib/libc.a)argz-ctsep.o
(../sysroot/lib/libc.a)memmem.o
(../sysroot/lib/libc.a)sigdescr_np.o
(../sysroot/lib/libc.a)strcasecmp_l.o
(../sysroot/lib/libc.a)strcoll.o
(../sysroot/lib/libc.a)strcoll_l.o
(../sysroot/lib/libc.a)cacheinfo.o
(../sysroot/lib/libc.a)btowc.o
(../sysroot/lib/libc.a)mbsrtowcs.o
(../sysroot/lib/libc.a)mbsrtowcs_l.o
(../sysroot/lib/libc.a)wcscat.o
(../sysroot/lib/libc.a)wcschr.o
(../sysroot/lib/libc.a)wcslen.o
(../sysroot/lib/libc.a)wcsrtombs.o
(../sysroot/lib/libc.a)wmemchr.o
(../sysroot/lib/libc.a)wmemcmp.o
(../sysroot/lib/libc.a)wmemcpy.o
(../sysroot/lib/libc.a)wmemmove.o
(../sysroot/lib/libc.a)wmempcpy.o
(../sysroot/lib/libc.a)wcscat-avx2.o
(../sysroot/lib/libc.a)wcscat-evex.o
(../sysroot/lib/libc.a)wcscat-generic.o
(../sysroot/lib/libc.a)wcschr-avx2.o
(../sysroot/lib/libc.a)wcschr-avx2-rtm.o
(../sysroot/lib/libc.a)wcschr-evex.o
(../sysroot/lib/libc.a)wcschr-sse2.o
(../sysroot/lib/libc.a)wcslen-avx2.o
(../sysroot/lib/libc.a)wcslen-avx2-rtm.o
(../sysroot/lib/libc.a)wcslen-evex.o
(../sysroot/lib/libc.a)wcslen-sse2.o
(../sysroot/lib/libc.a)wcslen-sse4_1.o
(../sysroot/lib/libc.a)wmemchr-avx2.o
(../sysroot/lib/libc.a)wmemchr-avx2-rtm.o
(../sysroot/lib/libc.a)wmemchr-evex.o
(../sysroot/lib/libc.a)wmemchr-evex-rtm.o
(../sysroot/lib/libc.a)wmemchr-sse2.o
(../sysroot/lib/libc.a)wmemcmp-avx2-movbe.o
(../sysroot/lib/libc.a)wmemcmp-avx2-movbe-rtm.o
(../sysroot/lib/libc.a)wmemcmp-evex-movbe.o
(../sysroot/lib/libc.a)wmemcmp-sse2.o
(../sysroot/lib/libc.a)offtime.o
(../sysroot/lib/libc.a)asctime.o
(../sysroot/lib/libc.a)clock_nanosleep.o
(../sysroot/lib/libc.a)lc-time-cleanup.o
(../sysroot/lib/libc.a)rewinddir.o
(../sysroot/lib/libc.a)getdents64.o
(../sysroot/lib/libc.a)dirfd.o
(../sysroot/lib/libc.a)fdopendir.o
(../sysroot/lib/libc.a)scandir-cancel.o
(../sysroot/lib/libc.a)fgetgrent_r.o
(../sysroot/lib/libc.a)getpwnam_r.o
(../sysroot/lib/libc.a)getpwuid_r.o
(../sysroot/lib/libc.a)fgetpwent_r.o
(../sysroot/lib/libc.a)_Fork.o
(../sysroot/lib/libc.a)get_child_max.o
(../sysroot/lib/libc.a)getpgid.o
(../sysroot/lib/libc.a)group_member.o
(../sysroot/lib/libc.a)pwrite64.o
(../sysroot/lib/libc.a)sched_cpucount.o
(../sysroot/lib/libc.a)sched_setp.o
(../sysroot/lib/libc.a)file_change_detection.o
(../sysroot/lib/libc.a)fstatfs64.o
(../sysroot/lib/libc.a)pread64_nocancel.o
(../sysroot/lib/libc.a)allocate_once.o
(../sysroot/lib/libc.a)readv.o
(../sysroot/lib/libc.a)clone.o
(../sysroot/lib/libc.a)opensock.o
(../sysroot/lib/libc.a)sgetspent_r.o
(../sysroot/lib/libc.a)sgetsgent_r.o
(../sysroot/lib/libc.a)____longjmp_chk.o
(../sysroot/lib/libc.a)readonly-area.o
(../sysroot/lib/libc.a)inet_net.o
(../sysroot/lib/libc.a)ifreq.o
(../sysroot/lib/libc.a)ns_name_compress.o
(../sysroot/lib/libc.a)ns_name_ntop.o
(../sysroot/lib/libc.a)ns_name_pack.o
(../sysroot/lib/libc.a)ns_name_pton.o
(../sysroot/lib/libc.a)nss_dns_functions.o
(../sysroot/lib/libc.a)res-close.o
(../sysroot/lib/libc.a)res_init.o
(../sysroot/lib/libc.a)res_libc.o
(../sysroot/lib/libc.a)res_randomid.o
(../sysroot/lib/libc.a)resolv_conf.o
(../sysroot/lib/libc.a)pwd-lookup.o
(../sysroot/lib/libc.a)nss_hash.o
(../sysroot/lib/libc.a)nss_files_fopen.o
(../sysroot/lib/libc.a)nss_readline.o
(../sysroot/lib/libc.a)nss_parse_line_result.o
(../sysroot/lib/libc.a)nss_fgetent_r.o
(../sysroot/lib/libc.a)nss_action_parse.o
(../sysroot/lib/libc.a)nss_files_data.o
(../sysroot/lib/libc.a)nscd_getpw_r.o
(../sysroot/lib/libc.a)getutent.o
(../sysroot/lib/libc.a)updwtmp.o
(../sysroot/lib/libc.a)dl-catch.o
(../sysroot/lib/libc.a)dl-close.o
(../sysroot/lib/libc.a)dl-exception.o
(../sysroot/lib/libc.a)dl-find_object.o
(../sysroot/lib/libc.a)dl-load.o
(../sysroot/lib/libc.a)dl-lookup.o
(../sysroot/lib/libc.a)dl-minimal-malloc.o
(../sysroot/lib/libc.a)dl-misc.o
(../sysroot/lib/libc.a)dl-object.o
(../sysroot/lib/libc.a)dl-open.o
(../sysroot/lib/libc.a)dl-origin.o
(../sysroot/lib/libc.a)dl-printf.o
(../sysroot/lib/libc.a)dl-profile.o
(../sysroot/lib/libc.a)dl-reloc.o
(../sysroot/lib/libc.a)dl-scope.o
(../sysroot/lib/libc.a)dl-setup_hash.o
(../sysroot/lib/libc.a)dl-sort-maps.o
(../sysroot/lib/libc.a)dl-thread_gscope_wait.o
(../sysroot/lib/libc.a)dl-trampoline.o
(../sysroot/lib/libc.a)dl-version.o
(../sysroot/lib/libc.a)dl-cache.o
(../sysroot/lib/libc.a)tlsdesc.o
(../sysroot/lib/libc.a)dl-tlsdesc.o
(../sysroot/lib/libc.a)dl-cet.o
(../sysroot/lib/libc.a)dl-addr-obj.o
(../sysroot/lib/libc.a)rtld_static_init.o
(../sysroot/lib/libc.a)gconv_open.o
(../sysroot/lib/libc.a)gconv.o
(../sysroot/lib/libc.a)gconv_close.o
(../sysroot/lib/libc.a)gconv_charset.o
(../sysroot/lib/libc.a)lc-numeric.o
(../sysroot/lib/libc.a)C-messages.o
(../sysroot/lib/libc.a)C-monetary.o
(../sysroot/lib/libc.a)C-numeric.o
(../sysroot/lib/libc.a)C-paper.o
(../sysroot/lib/libc.a)C-name.o
(../sysroot/lib/libc.a)C-address.o
(../sysroot/lib/libc.a)C-telephone.o
(../sysroot/lib/libc.a)C-measurement.o
(../sysroot/lib/libc.a)C-identification.o
(../sysroot/lib/libc.a)C-collate.o
(../sysroot/lib/libc.a)localename.o
(../sysroot/lib/libc.a)__longjmp.o
(../sysroot/lib/libc.a)grouping_iterator.o
(../sysroot/lib/libc.a)printf_buffer_done.o
(../sysroot/lib/libc.a)printf_buffer_pad_1.o
(../sysroot/lib/libc.a)printf_buffer_putc_1.o
(../sysroot/lib/libc.a)printf_buffer_puts_1.o
(../sysroot/lib/libc.a)printf_buffer_to_file.o
(../sysroot/lib/libc.a)printf_buffer_write.o
(../sysroot/lib/libc.a)printf_fp.o
(../sysroot/lib/libc.a)printf_fphex.o
(../sysroot/lib/libc.a)printf_function_invoke.o
(../sysroot/lib/libc.a)reg-modifier.o
(../sysroot/lib/libc.a)reg-printf.o
(../sysroot/lib/libc.a)reg-type.o
(../sysroot/lib/libc.a)translated_number_width.o
(../sysroot/lib/libc.a)vfwprintf-internal.o
(../sysroot/lib/libc.a)wprintf_buffer_done.o
(../sysroot/lib/libc.a)wprintf_buffer_pad_1.o
(../sysroot/lib/libc.a)wprintf_buffer_putc_1.o
(../sysroot/lib/libc.a)wprintf_buffer_to_file.o
(../sysroot/lib/libc.a)wprintf_buffer_write.o
(../sysroot/lib/libc.a)wprintf_function_invoke.o
(../sysroot/lib/libc.a)printf-parsewc.o
(../sysroot/lib/libc.a)siglist.o
(../sysroot/lib/libc.a)dladdr.o
(../sysroot/lib/libc.a)dladdr1.o
(../sysroot/lib/libc.a)dlclose.o
(../sysroot/lib/libc.a)dlerror.o
(../sysroot/lib/libc.a)dlinfo.o
(../sysroot/lib/libc.a)dlmopen.o
(../sysroot/lib/libc.a)dlopen.o
(../sysroot/lib/libc.a)dlsym.o
(../sysroot/lib/libc.a)dlvsym.o
(../sysroot/lib/libc.a)libc_dlerror_result.o
(../sysroot/lib/libc.a)cleanup_compat.o
(../sysroot/lib/libc.a)elision-lock.o
(../sysroot/lib/libc.a)elision-unlock.o
(../sysroot/lib/libc.a)futex-internal.o
(../sysroot/lib/libc.a)nptl-stack.o
(../sysroot/lib/libc.a)alloc_buffer_allocate.o
(../sysroot/lib/libc.a)alloc_buffer_copy_bytes.o
(../sysroot/lib/libc.a)wcschrnul.o
(../sysroot/lib/libc.a)wcscpy.o
(../sysroot/lib/libc.a)wcsnlen.o
(../sysroot/lib/libc.a)wmemset.o
(../sysroot/lib/libc.a)wcscpy-avx2.o
(../sysroot/lib/libc.a)wcscpy-evex.o
(../sysroot/lib/libc.a)wcscpy-generic.o
(../sysroot/lib/libc.a)wcscpy-ssse3.o
(../sysroot/lib/libc.a)wcsnlen-avx2.o
(../sysroot/lib/libc.a)wcsnlen-avx2-rtm.o
(../sysroot/lib/libc.a)wcsnlen-evex.o
(../sysroot/lib/libc.a)wcsnlen-sse4_1.o
(../sysroot/lib/libc.a)wcsnlen-generic.o
(../sysroot/lib/libc.a)profil.o
(../sysroot/lib/libc.a)prof-freq.o
(../sysroot/lib/libc.a)inet_mkadr.o
(../sysroot/lib/libc.a)dns-canon.o
(../sysroot/lib/libc.a)dns-host.o
(../sysroot/lib/libc.a)dns-network.o
(../sysroot/lib/libc.a)ns_rr_cursor_init.o
(../sysroot/lib/libc.a)ns_rr_cursor_next.o
(../sysroot/lib/libc.a)ns_samebinaryname.o
(../sysroot/lib/libc.a)res-name-checking.o
(../sysroot/lib/libc.a)res_context_hostalias.o
(../sysroot/lib/libc.a)res_query.o
(../sysroot/lib/libc.a)res_send.o
(../sysroot/lib/libc.a)nss_action.o
(../sysroot/lib/libc.a)dl-call-libc-early-init.o
(../sysroot/lib/libc.a)dl-call_fini.o
(../sysroot/lib/libc.a)dl-deps.o
(../sysroot/lib/libc.a)dl-execstack.o
(../sysroot/lib/libc.a)dl-init.o
(../sysroot/lib/libc.a)dl-lookup-direct.o
(../sysroot/lib/libc.a)dl-runtime.o
(../sysroot/lib/libc.a)dl-addr.o
(../sysroot/lib/libc.a)dl-sym.o
(../sysroot/lib/libc.a)divrem.o
(../sysroot/lib/libc.a)dbl2mpn.o
(../sysroot/lib/libc.a)ldbl2mpn.o
(../sysroot/lib/libc.a)float1282mpn.o
(../sysroot/lib/libc.a)itowa-digits.o
(../sysroot/lib/libc.a)printf_buffer_as_file.o
(../sysroot/lib/libc.a)printf_buffer_flush.o
(../sysroot/lib/libc.a)wprintf_buffer_as_file.o
(../sysroot/lib/libc.a)wprintf_buffer_flush.o
(../sysroot/lib/libc.a)writev.o
(../sysroot/lib/libc.a)sendmmsg.o
(../sysroot/lib/libc.a)ns_name_length_uncompressed.o
(../sysroot/lib/libc.a)ns_samename.o
(../sysroot/lib/libc.a)res-noaaaa.o
(../sysroot/lib/libc.a)res_enable_icmp.o
(../sysroot/lib/libc.a)res_get_nsaddr.o
(../sysroot/lib/libc.a)res_queriesmatch.o
(../sysroot/lib/libc.a)ns_makecanon.o
(../sysroot/lib/libc.a)res_nameinquery.o
/usr/lib/gcc/x86_64-linux-gnu/13/libgcc.a
(/usr/lib/gcc/x86_64-linux-gnu/13/libgcc.a)addtf3.o
(/usr/lib/gcc/x86_64-linux-gnu/13/libgcc.a)multf3.o
(/usr/lib/gcc/x86_64-linux-gnu/13/libgcc.a)unordtf2.o
(/usr/lib/gcc/x86_64-linux-gnu/13/libgcc.a)letf2.o
(/usr/lib/gcc/x86_64-linux-gnu/13/libgcc.a)sfp-exceptions.o
/usr/lib/gcc/x86_64-linux-gnu/13/libgcc_eh.a
(/usr/lib/gcc/x86_64-linux-gnu/13/libgcc_eh.a)unwind-dw2.o
(/usr/lib/gcc/x86_64-linux-gnu/13/libgcc_eh.a)unwind-dw2-fde-dip.o
(/usr/lib/gcc/x86_64-linux-gnu/13/libgcc_eh.a)unwind-c.o
../sysroot/lib/libc.a
/usr/lib/gcc/x86_64-linux-gnu/13/libgcc.a
/usr/lib/gcc/x86_64-linux-gnu/13/libgcc_eh.a
../sysroot/lib/libc.a
attempt to open /usr/lib/gcc/x86_64-linux-gnu/13/crtend.o succeeded
/usr/lib/gcc/x86_64-linux-gnu/13/crtend.o
attempt to open /usr/lib/gcc/x86_64-linux-gnu/13/../../../x86_64-linux-gnu/crtn.o succeeded
/usr/lib/gcc/x86_64-linux-gnu/13/../../../x86_64-linux-gnu/crtn.o
